mode: atomic
github.com/infobloxopen/themis/contrib/coredns/policy/policy.go:66.44,69.20 3 0
github.com/infobloxopen/themis/contrib/coredns/policy/policy.go:74.2,75.24 2 0
github.com/infobloxopen/themis/contrib/coredns/policy/policy.go:69.20,70.41 1 0
github.com/infobloxopen/themis/contrib/coredns/policy/policy.go:70.41,72.4 1 0
github.com/infobloxopen/themis/contrib/coredns/policy/policy.go:78.85,80.16 2 0
github.com/infobloxopen/themis/contrib/coredns/policy/policy.go:83.2,84.9 2 0
github.com/infobloxopen/themis/contrib/coredns/policy/policy.go:87.2,88.12 2 0
github.com/infobloxopen/themis/contrib/coredns/policy/policy.go:80.16,82.3 1 0
github.com/infobloxopen/themis/contrib/coredns/policy/policy.go:84.9,86.3 1 0
github.com/infobloxopen/themis/contrib/coredns/policy/policy.go:91.78,96.14 4 0
github.com/infobloxopen/themis/contrib/coredns/policy/policy.go:100.2,100.29 1 0
github.com/infobloxopen/themis/contrib/coredns/policy/policy.go:126.2,126.29 1 0
github.com/infobloxopen/themis/contrib/coredns/policy/policy.go:96.14,98.3 1 0
github.com/infobloxopen/themis/contrib/coredns/policy/policy.go:100.29,101.24 1 0
github.com/infobloxopen/themis/contrib/coredns/policy/policy.go:102.3,102.24 0 0
github.com/infobloxopen/themis/contrib/coredns/policy/policy.go:104.3,104.26 0 0
github.com/infobloxopen/themis/contrib/coredns/policy/policy.go:106.3,107.33 1 0
github.com/infobloxopen/themis/contrib/coredns/policy/policy.go:107.33,108.25 1 0
github.com/infobloxopen/themis/contrib/coredns/policy/policy.go:108.25,110.24 2 0
github.com/infobloxopen/themis/contrib/coredns/policy/policy.go:119.6,121.11 3 0
github.com/infobloxopen/themis/contrib/coredns/policy/policy.go:111.6,112.29 1 0
github.com/infobloxopen/themis/contrib/coredns/policy/policy.go:113.6,114.41 1 0
github.com/infobloxopen/themis/contrib/coredns/policy/policy.go:115.6,117.26 2 0
github.com/infobloxopen/themis/contrib/coredns/policy/policy.go:135.63,138.2 2 0
github.com/infobloxopen/themis/contrib/coredns/policy/policy.go:141.61,141.75 1 0
github.com/infobloxopen/themis/contrib/coredns/policy/policy.go:142.61,142.75 1 0
github.com/infobloxopen/themis/contrib/coredns/policy/policy.go:143.61,143.71 1 0
github.com/infobloxopen/themis/contrib/coredns/policy/policy.go:144.61,144.71 1 0
github.com/infobloxopen/themis/contrib/coredns/policy/policy.go:145.61,145.83 1 0
github.com/infobloxopen/themis/contrib/coredns/policy/policy.go:146.61,146.84 1 3
github.com/infobloxopen/themis/contrib/coredns/policy/policy.go:147.61,147.86 2 15
github.com/infobloxopen/themis/contrib/coredns/policy/policy.go:149.132,152.16 3 9
github.com/infobloxopen/themis/contrib/coredns/policy/policy.go:156.2,157.35 2 7
github.com/infobloxopen/themis/contrib/coredns/policy/policy.go:169.2,172.16 3 7
github.com/infobloxopen/themis/contrib/coredns/policy/policy.go:176.2,176.23 1 7
github.com/infobloxopen/themis/contrib/coredns/policy/policy.go:179.2,179.31 1 6
github.com/infobloxopen/themis/contrib/coredns/policy/policy.go:182.2,183.20 2 3
github.com/infobloxopen/themis/contrib/coredns/policy/policy.go:152.16,154.3 1 2
github.com/infobloxopen/themis/contrib/coredns/policy/policy.go:157.35,158.29 1 14
github.com/infobloxopen/themis/contrib/coredns/policy/policy.go:159.3,160.32 1 14
github.com/infobloxopen/themis/contrib/coredns/policy/policy.go:165.3,165.11 0 0
github.com/infobloxopen/themis/contrib/coredns/policy/policy.go:160.32,162.5 1 7
github.com/infobloxopen/themis/contrib/coredns/policy/policy.go:162.5,162.42 1 7
github.com/infobloxopen/themis/contrib/coredns/policy/policy.go:162.42,164.5 1 7
github.com/infobloxopen/themis/contrib/coredns/policy/policy.go:172.16,174.3 1 0
github.com/infobloxopen/themis/contrib/coredns/policy/policy.go:176.23,178.3 1 1
github.com/infobloxopen/themis/contrib/coredns/policy/policy.go:179.31,181.3 1 3
github.com/infobloxopen/themis/contrib/coredns/policy/policy.go:186.105,192.25 3 0
github.com/infobloxopen/themis/contrib/coredns/policy/policy.go:198.2,199.19 2 0
github.com/infobloxopen/themis/contrib/coredns/policy/policy.go:203.2,203.19 1 0
github.com/infobloxopen/themis/contrib/coredns/policy/policy.go:209.2,211.16 3 0
github.com/infobloxopen/themis/contrib/coredns/policy/policy.go:216.2,216.21 1 0
github.com/infobloxopen/themis/contrib/coredns/policy/policy.go:221.2,221.30 1 0
github.com/infobloxopen/themis/contrib/coredns/policy/policy.go:225.2,225.30 1 0
github.com/infobloxopen/themis/contrib/coredns/policy/policy.go:192.25,196.3 3 0
github.com/infobloxopen/themis/contrib/coredns/policy/policy.go:199.19,201.3 1 0
github.com/infobloxopen/themis/contrib/coredns/policy/policy.go:203.19,205.3 1 0
github.com/infobloxopen/themis/contrib/coredns/policy/policy.go:205.3,207.3 1 0
github.com/infobloxopen/themis/contrib/coredns/policy/policy.go:211.16,214.3 2 0
github.com/infobloxopen/themis/contrib/coredns/policy/policy.go:216.21,219.3 2 0
github.com/infobloxopen/themis/contrib/coredns/policy/policy.go:221.30,223.3 1 0
github.com/infobloxopen/themis/contrib/coredns/policy/policy.go:229.42,229.61 1 9
github.com/infobloxopen/themis/contrib/coredns/policy/policy.go:231.104,241.24 7 3
github.com/infobloxopen/themis/contrib/coredns/policy/policy.go:252.2,257.15 4 3
github.com/infobloxopen/themis/contrib/coredns/policy/policy.go:242.2,245.49 3 0
github.com/infobloxopen/themis/contrib/coredns/policy/policy.go:246.2,249.49 3 3
github.com/infobloxopen/themis/contrib/coredns/policy/setup.go:13.13,18.2 1 1
github.com/infobloxopen/themis/contrib/coredns/policy/setup.go:20.39,23.16 2 0
github.com/infobloxopen/themis/contrib/coredns/policy/setup.go:27.2,27.27 1 0
github.com/infobloxopen/themis/contrib/coredns/policy/setup.go:35.2,35.28 1 0
github.com/infobloxopen/themis/contrib/coredns/policy/setup.go:39.2,39.88 1 0
github.com/infobloxopen/themis/contrib/coredns/policy/setup.go:44.2,44.12 1 0
github.com/infobloxopen/themis/contrib/coredns/policy/setup.go:23.16,25.3 1 0
github.com/infobloxopen/themis/contrib/coredns/policy/setup.go:27.27,29.17 2 0
github.com/infobloxopen/themis/contrib/coredns/policy/setup.go:32.3,32.13 1 0
github.com/infobloxopen/themis/contrib/coredns/policy/setup.go:29.17,31.4 1 0
github.com/infobloxopen/themis/contrib/coredns/policy/setup.go:35.28,37.3 1 0
github.com/infobloxopen/themis/contrib/coredns/policy/setup.go:39.88,42.3 2 0
github.com/infobloxopen/themis/contrib/coredns/policy/setup.go:47.66,51.15 3 0
github.com/infobloxopen/themis/contrib/coredns/policy/setup.go:90.2,90.84 1 0
github.com/infobloxopen/themis/contrib/coredns/policy/setup.go:51.15,52.26 1 0
github.com/infobloxopen/themis/contrib/coredns/policy/setup.go:52.26,60.22 2 0
github.com/infobloxopen/themis/contrib/coredns/policy/setup.go:87.4,87.18 1 0
github.com/infobloxopen/themis/contrib/coredns/policy/setup.go:60.22,61.20 1 0
github.com/infobloxopen/themis/contrib/coredns/policy/setup.go:62.5,64.23 2 0
github.com/infobloxopen/themis/contrib/coredns/policy/setup.go:68.6,68.28 1 0
github.com/infobloxopen/themis/contrib/coredns/policy/setup.go:69.5,71.61 2 0
github.com/infobloxopen/themis/contrib/coredns/policy/setup.go:74.6,76.24 3 0
github.com/infobloxopen/themis/contrib/coredns/policy/setup.go:81.6,82.20 2 0
github.com/infobloxopen/themis/contrib/coredns/policy/setup.go:64.23,66.15 2 0
github.com/infobloxopen/themis/contrib/coredns/policy/setup.go:71.61,73.7 1 0
github.com/infobloxopen/themis/contrib/coredns/policy/setup.go:76.24,79.7 2 0
github.com/infobloxopen/themis/contrib/coredns/policy/setup.go:82.20,84.7 1 0
