mode: atomic
github.com/infobloxopen/themis/pdp/yast_expression.go:23.85,25.16 2 12
github.com/infobloxopen/themis/pdp/yast_expression.go:29.2,29.52 1 12
github.com/infobloxopen/themis/pdp/yast_expression.go:25.16,27.3 1 0
github.com/infobloxopen/themis/pdp/yast_expression.go:32.86,34.16 2 0
github.com/infobloxopen/themis/pdp/yast_expression.go:38.2,39.14 2 0
github.com/infobloxopen/themis/pdp/yast_expression.go:43.2,43.53 1 0
github.com/infobloxopen/themis/pdp/yast_expression.go:34.16,36.3 1 0
github.com/infobloxopen/themis/pdp/yast_expression.go:39.14,41.3 1 0
github.com/infobloxopen/themis/pdp/yast_expression.go:46.86,48.16 2 2
github.com/infobloxopen/themis/pdp/yast_expression.go:52.2,53.16 2 2
github.com/infobloxopen/themis/pdp/yast_expression.go:57.2,57.54 1 2
github.com/infobloxopen/themis/pdp/yast_expression.go:48.16,50.3 1 0
github.com/infobloxopen/themis/pdp/yast_expression.go:53.16,55.3 1 0
github.com/infobloxopen/themis/pdp/yast_expression.go:60.85,62.16 2 1
github.com/infobloxopen/themis/pdp/yast_expression.go:66.2,67.16 2 1
github.com/infobloxopen/themis/pdp/yast_expression.go:71.2,71.52 1 1
github.com/infobloxopen/themis/pdp/yast_expression.go:62.16,64.3 1 0
github.com/infobloxopen/themis/pdp/yast_expression.go:67.16,69.3 1 0
github.com/infobloxopen/themis/pdp/yast_expression.go:74.100,79.16 4 2
github.com/infobloxopen/themis/pdp/yast_expression.go:83.2,84.12 2 2
github.com/infobloxopen/themis/pdp/yast_expression.go:79.16,81.3 1 0
github.com/infobloxopen/themis/pdp/yast_expression.go:87.101,89.16 2 1
github.com/infobloxopen/themis/pdp/yast_expression.go:93.2,94.29 2 1
github.com/infobloxopen/themis/pdp/yast_expression.go:101.2,101.60 1 1
github.com/infobloxopen/themis/pdp/yast_expression.go:89.16,91.3 1 0
github.com/infobloxopen/themis/pdp/yast_expression.go:94.29,96.17 2 2
github.com/infobloxopen/themis/pdp/yast_expression.go:96.17,98.4 1 0
github.com/infobloxopen/themis/pdp/yast_expression.go:104.103,106.30 2 0
github.com/infobloxopen/themis/pdp/yast_expression.go:110.2,110.53 1 0
github.com/infobloxopen/themis/pdp/yast_expression.go:106.30,108.3 1 0
github.com/infobloxopen/themis/pdp/yast_expression.go:113.92,115.16 2 1
github.com/infobloxopen/themis/pdp/yast_expression.go:119.2,119.16 1 1
github.com/infobloxopen/themis/pdp/yast_expression.go:123.2,124.16 2 0
github.com/infobloxopen/themis/pdp/yast_expression.go:128.2,128.16 1 0
github.com/infobloxopen/themis/pdp/yast_expression.go:132.2,132.93 1 0
github.com/infobloxopen/themis/pdp/yast_expression.go:115.16,117.3 1 0
github.com/infobloxopen/themis/pdp/yast_expression.go:119.16,121.3 1 1
github.com/infobloxopen/themis/pdp/yast_expression.go:124.16,126.3 1 0
github.com/infobloxopen/themis/pdp/yast_expression.go:128.16,130.3 1 0
github.com/infobloxopen/themis/pdp/yast_expression.go:135.101,140.16 4 0
github.com/infobloxopen/themis/pdp/yast_expression.go:144.2,145.16 2 0
github.com/infobloxopen/themis/pdp/yast_expression.go:153.2,154.12 2 0
github.com/infobloxopen/themis/pdp/yast_expression.go:140.16,142.3 1 0
github.com/infobloxopen/themis/pdp/yast_expression.go:145.16,146.37 1 0
github.com/infobloxopen/themis/pdp/yast_expression.go:150.3,150.79 1 0
github.com/infobloxopen/themis/pdp/yast_expression.go:146.37,148.4 1 0
github.com/infobloxopen/themis/pdp/yast_expression.go:157.102,159.16 2 0
github.com/infobloxopen/themis/pdp/yast_expression.go:163.2,164.29 2 0
github.com/infobloxopen/themis/pdp/yast_expression.go:171.2,171.61 1 0
github.com/infobloxopen/themis/pdp/yast_expression.go:159.16,161.3 1 0
github.com/infobloxopen/themis/pdp/yast_expression.go:164.29,166.17 2 0
github.com/infobloxopen/themis/pdp/yast_expression.go:166.17,168.4 1 0
github.com/infobloxopen/themis/pdp/yast_expression.go:174.104,176.30 2 0
github.com/infobloxopen/themis/pdp/yast_expression.go:180.2,180.54 1 0
github.com/infobloxopen/themis/pdp/yast_expression.go:176.30,178.3 1 0
github.com/infobloxopen/themis/pdp/yast_expression.go:183.93,185.16 2 0
github.com/infobloxopen/themis/pdp/yast_expression.go:189.2,189.16 1 0
github.com/infobloxopen/themis/pdp/yast_expression.go:193.2,194.16 2 0
github.com/infobloxopen/themis/pdp/yast_expression.go:198.2,198.16 1 0
github.com/infobloxopen/themis/pdp/yast_expression.go:202.2,202.94 1 0
github.com/infobloxopen/themis/pdp/yast_expression.go:185.16,187.3 1 0
github.com/infobloxopen/themis/pdp/yast_expression.go:189.16,191.3 1 0
github.com/infobloxopen/themis/pdp/yast_expression.go:194.16,196.3 1 0
github.com/infobloxopen/themis/pdp/yast_expression.go:198.16,200.3 1 0
github.com/infobloxopen/themis/pdp/yast_expression.go:205.102,210.16 4 8
github.com/infobloxopen/themis/pdp/yast_expression.go:214.2,215.16 2 8
github.com/infobloxopen/themis/pdp/yast_expression.go:219.2,221.12 2 8
github.com/infobloxopen/themis/pdp/yast_expression.go:210.16,212.3 1 0
github.com/infobloxopen/themis/pdp/yast_expression.go:215.16,217.3 1 0
github.com/infobloxopen/themis/pdp/yast_expression.go:224.101,226.16 2 2
github.com/infobloxopen/themis/pdp/yast_expression.go:230.2,231.29 2 2
github.com/infobloxopen/themis/pdp/yast_expression.go:238.2,238.60 1 2
github.com/infobloxopen/themis/pdp/yast_expression.go:226.16,228.3 1 0
github.com/infobloxopen/themis/pdp/yast_expression.go:231.29,233.17 2 8
github.com/infobloxopen/themis/pdp/yast_expression.go:233.17,235.4 1 0
github.com/infobloxopen/themis/pdp/yast_expression.go:241.103,243.30 2 0
github.com/infobloxopen/themis/pdp/yast_expression.go:247.2,247.53 1 0
github.com/infobloxopen/themis/pdp/yast_expression.go:243.30,245.3 1 0
github.com/infobloxopen/themis/pdp/yast_expression.go:250.92,252.16 2 2
github.com/infobloxopen/themis/pdp/yast_expression.go:256.2,256.16 1 2
github.com/infobloxopen/themis/pdp/yast_expression.go:260.2,261.16 2 0
github.com/infobloxopen/themis/pdp/yast_expression.go:265.2,265.16 1 0
github.com/infobloxopen/themis/pdp/yast_expression.go:269.2,269.93 1 0
github.com/infobloxopen/themis/pdp/yast_expression.go:252.16,254.3 1 0
github.com/infobloxopen/themis/pdp/yast_expression.go:256.16,258.3 1 2
github.com/infobloxopen/themis/pdp/yast_expression.go:261.16,263.3 1 0
github.com/infobloxopen/themis/pdp/yast_expression.go:265.16,267.3 1 0
github.com/infobloxopen/themis/pdp/yast_expression.go:272.93,273.28 1 18
github.com/infobloxopen/themis/pdp/yast_expression.go:277.2,277.11 1 18
github.com/infobloxopen/themis/pdp/yast_expression.go:300.2,300.93 1 0
github.com/infobloxopen/themis/pdp/yast_expression.go:273.28,275.3 1 0
github.com/infobloxopen/themis/pdp/yast_expression.go:278.2,279.37 1 12
github.com/infobloxopen/themis/pdp/yast_expression.go:281.2,282.38 1 0
github.com/infobloxopen/themis/pdp/yast_expression.go:284.2,285.38 1 2
github.com/infobloxopen/themis/pdp/yast_expression.go:287.2,288.37 1 1
github.com/infobloxopen/themis/pdp/yast_expression.go:290.2,291.43 1 1
github.com/infobloxopen/themis/pdp/yast_expression.go:293.2,294.44 1 0
github.com/infobloxopen/themis/pdp/yast_expression.go:296.2,297.43 1 2
github.com/infobloxopen/themis/pdp/yast_expression.go:303.79,308.16 4 18
github.com/infobloxopen/themis/pdp/yast_expression.go:312.2,313.16 2 17
github.com/infobloxopen/themis/pdp/yast_expression.go:317.2,318.9 2 17
github.com/infobloxopen/themis/pdp/yast_expression.go:322.2,323.9 2 17
github.com/infobloxopen/themis/pdp/yast_expression.go:327.2,328.16 2 17
github.com/infobloxopen/themis/pdp/yast_expression.go:332.2,332.18 1 17
github.com/infobloxopen/themis/pdp/yast_expression.go:308.16,310.3 1 1
github.com/infobloxopen/themis/pdp/yast_expression.go:313.16,315.3 1 0
github.com/infobloxopen/themis/pdp/yast_expression.go:318.9,320.3 1 0
github.com/infobloxopen/themis/pdp/yast_expression.go:323.9,325.3 1 0
github.com/infobloxopen/themis/pdp/yast_expression.go:328.16,330.3 1 0
github.com/infobloxopen/themis/pdp/yast_expression.go:335.111,340.16 4 9
github.com/infobloxopen/themis/pdp/yast_expression.go:344.2,344.30 1 9
github.com/infobloxopen/themis/pdp/yast_expression.go:340.16,342.3 1 0
github.com/infobloxopen/themis/pdp/yast_expression.go:347.81,349.16 2 5
github.com/infobloxopen/themis/pdp/yast_expression.go:353.2,357.29 4 5
github.com/infobloxopen/themis/pdp/yast_expression.go:364.2,364.19 1 5
github.com/infobloxopen/themis/pdp/yast_expression.go:349.16,351.3 1 0
github.com/infobloxopen/themis/pdp/yast_expression.go:357.29,359.17 2 9
github.com/infobloxopen/themis/pdp/yast_expression.go:359.17,361.4 1 0
github.com/infobloxopen/themis/pdp/yast_expression.go:367.83,369.16 2 35
github.com/infobloxopen/themis/pdp/yast_expression.go:373.2,374.16 2 35
github.com/infobloxopen/themis/pdp/yast_expression.go:378.2,379.16 2 35
github.com/infobloxopen/themis/pdp/yast_expression.go:383.2,383.27 1 35
github.com/infobloxopen/themis/pdp/yast_expression.go:397.2,397.23 1 14
github.com/infobloxopen/themis/pdp/yast_expression.go:401.2,401.26 1 6
github.com/infobloxopen/themis/pdp/yast_expression.go:405.2,406.9 2 5
github.com/infobloxopen/themis/pdp/yast_expression.go:410.2,414.16 4 5
github.com/infobloxopen/themis/pdp/yast_expression.go:418.2,418.27 1 5
github.com/infobloxopen/themis/pdp/yast_expression.go:424.2,424.20 1 0
github.com/infobloxopen/themis/pdp/yast_expression.go:434.2,434.20 1 0
github.com/infobloxopen/themis/pdp/yast_expression.go:439.2,439.78 1 0
github.com/infobloxopen/themis/pdp/yast_expression.go:369.16,371.3 1 0
github.com/infobloxopen/themis/pdp/yast_expression.go:374.16,376.3 1 0
github.com/infobloxopen/themis/pdp/yast_expression.go:379.16,381.3 1 0
github.com/infobloxopen/themis/pdp/yast_expression.go:383.27,385.17 2 21
github.com/infobloxopen/themis/pdp/yast_expression.go:389.3,390.10 2 21
github.com/infobloxopen/themis/pdp/yast_expression.go:394.3,394.41 1 21
github.com/infobloxopen/themis/pdp/yast_expression.go:385.17,387.4 1 0
github.com/infobloxopen/themis/pdp/yast_expression.go:390.10,392.4 1 0
github.com/infobloxopen/themis/pdp/yast_expression.go:397.23,399.3 1 8
github.com/infobloxopen/themis/pdp/yast_expression.go:401.26,403.3 1 1
github.com/infobloxopen/themis/pdp/yast_expression.go:406.9,408.3 1 0
github.com/infobloxopen/themis/pdp/yast_expression.go:414.16,416.3 1 0
github.com/infobloxopen/themis/pdp/yast_expression.go:418.27,419.30 1 5
github.com/infobloxopen/themis/pdp/yast_expression.go:419.30,421.4 1 5
github.com/infobloxopen/themis/pdp/yast_expression.go:424.20,426.27 2 0
github.com/infobloxopen/themis/pdp/yast_expression.go:430.3,431.45 1 0
github.com/infobloxopen/themis/pdp/yast_expression.go:426.27,428.4 1 0
github.com/infobloxopen/themis/pdp/yast_expression.go:434.20,437.3 1 0
github.com/infobloxopen/themis/pdp/expr_string_contains.go:13.55,15.2 1 0
github.com/infobloxopen/themis/pdp/expr_string_contains.go:17.57,19.2 1 1
github.com/infobloxopen/themis/pdp/expr_string_contains.go:21.89,25.16 3 0
github.com/infobloxopen/themis/pdp/expr_string_contains.go:29.2,30.16 2 0
github.com/infobloxopen/themis/pdp/expr_string_contains.go:34.2,35.16 2 0
github.com/infobloxopen/themis/pdp/expr_string_contains.go:39.2,40.16 2 0
github.com/infobloxopen/themis/pdp/expr_string_contains.go:44.2,47.15 3 0
github.com/infobloxopen/themis/pdp/expr_string_contains.go:25.16,27.3 1 0
github.com/infobloxopen/themis/pdp/expr_string_contains.go:30.16,32.3 1 0
github.com/infobloxopen/themis/pdp/expr_string_contains.go:35.16,37.3 1 0
github.com/infobloxopen/themis/pdp/expr_string_contains.go:40.16,42.3 1 0
github.com/infobloxopen/themis/pdp/expr_string_contains.go:50.93,52.2 1 1
github.com/infobloxopen/themis/pdp/expr_string_contains.go:54.75,56.2 1 1
github.com/infobloxopen/themis/pdp/expr_string_contains.go:58.84,59.110 1 1
github.com/infobloxopen/themis/pdp/expr_string_contains.go:63.2,63.12 1 0
github.com/infobloxopen/themis/pdp/expr_string_contains.go:59.110,61.3 1 1
github.com/infobloxopen/themis/pdp/expr_stringset_contains.go:10.60,12.2 1 0
github.com/infobloxopen/themis/pdp/expr_stringset_contains.go:14.62,16.2 1 0
github.com/infobloxopen/themis/pdp/expr_stringset_contains.go:18.94,22.16 3 0
github.com/infobloxopen/themis/pdp/expr_stringset_contains.go:26.2,27.16 2 0
github.com/infobloxopen/themis/pdp/expr_stringset_contains.go:31.2,32.16 2 0
github.com/infobloxopen/themis/pdp/expr_stringset_contains.go:36.2,37.16 2 0
github.com/infobloxopen/themis/pdp/expr_stringset_contains.go:41.2,44.15 3 0
github.com/infobloxopen/themis/pdp/expr_stringset_contains.go:22.16,24.3 1 0
github.com/infobloxopen/themis/pdp/expr_stringset_contains.go:27.16,29.3 1 0
github.com/infobloxopen/themis/pdp/expr_stringset_contains.go:32.16,34.3 1 0
github.com/infobloxopen/themis/pdp/expr_stringset_contains.go:37.16,39.3 1 0
github.com/infobloxopen/themis/pdp/expr_stringset_contains.go:47.98,49.2 1 1
github.com/infobloxopen/themis/pdp/expr_stringset_contains.go:51.80,53.2 1 0
github.com/infobloxopen/themis/pdp/expr_stringset_contains.go:55.89,56.116 1 0
github.com/infobloxopen/themis/pdp/expr_stringset_contains.go:60.2,60.12 1 0
github.com/infobloxopen/themis/pdp/expr_stringset_contains.go:56.116,58.3 1 0
github.com/infobloxopen/themis/pdp/policy.go:19.36,21.2 1 23
github.com/infobloxopen/themis/pdp/policy.go:23.58,25.16 2 4
github.com/infobloxopen/themis/pdp/policy.go:29.2,29.12 1 4
github.com/infobloxopen/themis/pdp/policy.go:33.2,34.56 2 4
github.com/infobloxopen/themis/pdp/policy.go:38.2,38.10 1 4
github.com/infobloxopen/themis/pdp/policy.go:25.16,27.3 1 0
github.com/infobloxopen/themis/pdp/policy.go:29.12,31.3 1 0
github.com/infobloxopen/themis/pdp/policy.go:34.56,36.3 1 4
github.com/infobloxopen/themis/pdp/policy.go:41.96,42.29 1 3
github.com/infobloxopen/themis/pdp/policy.go:49.2,49.53 1 0
github.com/infobloxopen/themis/pdp/policy.go:42.29,44.38 2 3
github.com/infobloxopen/themis/pdp/policy.go:44.38,46.4 1 3
github.com/infobloxopen/themis/pdp/policy.go:52.88,62.29 7 0
github.com/infobloxopen/themis/pdp/policy.go:97.2,97.64 1 0
github.com/infobloxopen/themis/pdp/policy.go:101.2,101.16 1 0
github.com/infobloxopen/themis/pdp/policy.go:105.2,105.17 1 0
github.com/infobloxopen/themis/pdp/policy.go:109.2,109.16 1 0
github.com/infobloxopen/themis/pdp/policy.go:113.2,113.53 1 0
github.com/infobloxopen/themis/pdp/policy.go:62.29,64.29 2 0
github.com/infobloxopen/themis/pdp/policy.go:69.3,69.31 1 0
github.com/infobloxopen/themis/pdp/policy.go:75.3,75.38 1 0
github.com/infobloxopen/themis/pdp/policy.go:79.3,79.39 1 0
github.com/infobloxopen/themis/pdp/policy.go:90.3,90.22 1 0
github.com/infobloxopen/themis/pdp/policy.go:94.3,94.21 1 0
github.com/infobloxopen/themis/pdp/policy.go:64.29,67.4 2 0
github.com/infobloxopen/themis/pdp/policy.go:69.31,72.12 3 0
github.com/infobloxopen/themis/pdp/policy.go:75.38,76.12 1 0
github.com/infobloxopen/themis/pdp/policy.go:79.39,81.4 1 0
github.com/infobloxopen/themis/pdp/policy.go:81.4,82.40 1 0
github.com/infobloxopen/themis/pdp/policy.go:82.40,84.5 1 0
github.com/infobloxopen/themis/pdp/policy.go:84.5,86.5 1 0
github.com/infobloxopen/themis/pdp/policy.go:90.22,92.4 1 0
github.com/infobloxopen/themis/pdp/policy.go:97.64,99.3 1 0
github.com/infobloxopen/themis/pdp/policy.go:101.16,103.3 1 0
github.com/infobloxopen/themis/pdp/policy.go:105.17,107.3 1 0
github.com/infobloxopen/themis/pdp/policy.go:109.16,111.3 1 0
github.com/infobloxopen/themis/pdp/selector.go:23.41,25.2 1 9
github.com/infobloxopen/themis/pdp/selector.go:27.43,29.2 1 19
github.com/infobloxopen/themis/pdp/selector.go:31.90,33.2 1 0
github.com/infobloxopen/themis/pdp/selector.go:35.87,37.9 2 33
github.com/infobloxopen/themis/pdp/selector.go:42.2,42.51 1 33
github.com/infobloxopen/themis/pdp/selector.go:37.9,40.3 1 0
github.com/infobloxopen/themis/pdp/selector.go:45.88,47.9 2 1
github.com/infobloxopen/themis/pdp/selector.go:52.2,52.52 1 0
github.com/infobloxopen/themis/pdp/selector.go:47.9,50.3 1 1
github.com/infobloxopen/themis/pdp/selector.go:55.88,57.9 2 0
github.com/infobloxopen/themis/pdp/selector.go:62.2,63.14 2 0
github.com/infobloxopen/themis/pdp/selector.go:68.2,68.52 1 0
github.com/infobloxopen/themis/pdp/selector.go:57.9,60.3 1 0
github.com/infobloxopen/themis/pdp/selector.go:63.14,66.3 1 0
github.com/infobloxopen/themis/pdp/selector.go:71.88,73.9 2 0
github.com/infobloxopen/themis/pdp/selector.go:78.2,79.16 2 0
github.com/infobloxopen/themis/pdp/selector.go:84.2,84.53 1 0
github.com/infobloxopen/themis/pdp/selector.go:73.9,76.3 1 0
github.com/infobloxopen/themis/pdp/selector.go:79.16,82.3 1 0
github.com/infobloxopen/themis/pdp/selector.go:87.87,89.9 2 0
github.com/infobloxopen/themis/pdp/selector.go:94.2,95.16 2 0
github.com/infobloxopen/themis/pdp/selector.go:100.2,100.51 1 0
github.com/infobloxopen/themis/pdp/selector.go:89.9,92.3 1 0
github.com/infobloxopen/themis/pdp/selector.go:95.16,98.3 1 0
github.com/infobloxopen/themis/pdp/selector.go:103.95,105.9 2 0
github.com/infobloxopen/themis/pdp/selector.go:110.2,110.15 1 0
github.com/infobloxopen/themis/pdp/selector.go:105.9,108.3 1 0
github.com/infobloxopen/themis/pdp/selector.go:113.96,116.25 2 0
github.com/infobloxopen/themis/pdp/selector.go:125.2,125.18 1 0
github.com/infobloxopen/themis/pdp/selector.go:116.25,118.17 2 0
github.com/infobloxopen/themis/pdp/selector.go:122.3,122.14 1 0
github.com/infobloxopen/themis/pdp/selector.go:118.17,120.4 1 0
github.com/infobloxopen/themis/pdp/selector.go:128.103,132.19 3 0
github.com/infobloxopen/themis/pdp/selector.go:137.2,137.18 1 0
github.com/infobloxopen/themis/pdp/selector.go:132.19,135.3 2 0
github.com/infobloxopen/themis/pdp/selector.go:140.93,141.27 1 0
github.com/infobloxopen/themis/pdp/selector.go:159.2,160.89 1 0
github.com/infobloxopen/themis/pdp/selector.go:142.2,144.17 2 0
github.com/infobloxopen/themis/pdp/selector.go:148.3,148.61 1 0
github.com/infobloxopen/themis/pdp/selector.go:150.2,152.17 2 0
github.com/infobloxopen/themis/pdp/selector.go:156.3,156.61 1 0
github.com/infobloxopen/themis/pdp/selector.go:144.17,146.4 1 0
github.com/infobloxopen/themis/pdp/selector.go:152.17,154.4 1 0
github.com/infobloxopen/themis/pdp/selector.go:163.100,165.9 2 0
github.com/infobloxopen/themis/pdp/selector.go:170.2,171.16 2 0
github.com/infobloxopen/themis/pdp/selector.go:176.2,176.15 1 0
github.com/infobloxopen/themis/pdp/selector.go:165.9,168.3 1 0
github.com/infobloxopen/themis/pdp/selector.go:171.16,174.3 1 0
github.com/infobloxopen/themis/pdp/selector.go:179.97,182.25 2 0
github.com/infobloxopen/themis/pdp/selector.go:191.2,191.18 1 0
github.com/infobloxopen/themis/pdp/selector.go:182.25,184.17 2 0
github.com/infobloxopen/themis/pdp/selector.go:188.3,188.35 1 0
github.com/infobloxopen/themis/pdp/selector.go:184.17,186.4 1 0
github.com/infobloxopen/themis/pdp/selector.go:194.84,196.16 2 0
github.com/infobloxopen/themis/pdp/selector.go:201.2,201.15 1 0
github.com/infobloxopen/themis/pdp/selector.go:196.16,199.3 1 0
github.com/infobloxopen/themis/pdp/selector.go:204.104,207.19 2 0
github.com/infobloxopen/themis/pdp/selector.go:216.2,216.18 1 0
github.com/infobloxopen/themis/pdp/selector.go:207.19,209.17 2 0
github.com/infobloxopen/themis/pdp/selector.go:213.3,213.35 1 0
github.com/infobloxopen/themis/pdp/selector.go:209.17,211.4 1 0
github.com/infobloxopen/themis/pdp/selector.go:219.94,220.27 1 0
github.com/infobloxopen/themis/pdp/selector.go:238.2,239.90 1 0
github.com/infobloxopen/themis/pdp/selector.go:221.2,223.17 2 0
github.com/infobloxopen/themis/pdp/selector.go:227.3,227.62 1 0
github.com/infobloxopen/themis/pdp/selector.go:229.2,231.17 2 0
github.com/infobloxopen/themis/pdp/selector.go:235.3,235.62 1 0
github.com/infobloxopen/themis/pdp/selector.go:223.17,225.4 1 0
github.com/infobloxopen/themis/pdp/selector.go:231.17,233.4 1 0
github.com/infobloxopen/themis/pdp/selector.go:242.98,245.25 2 0
github.com/infobloxopen/themis/pdp/selector.go:261.2,261.17 1 0
github.com/infobloxopen/themis/pdp/selector.go:245.25,247.10 2 0
github.com/infobloxopen/themis/pdp/selector.go:252.3,253.17 2 0
github.com/infobloxopen/themis/pdp/selector.go:258.3,258.19 1 0
github.com/infobloxopen/themis/pdp/selector.go:247.10,250.4 1 0
github.com/infobloxopen/themis/pdp/selector.go:253.17,256.4 1 0
github.com/infobloxopen/themis/pdp/selector.go:264.105,267.19 2 0
github.com/infobloxopen/themis/pdp/selector.go:277.2,277.17 1 0
github.com/infobloxopen/themis/pdp/selector.go:267.19,269.17 2 0
github.com/infobloxopen/themis/pdp/selector.go:274.3,274.21 1 0
github.com/infobloxopen/themis/pdp/selector.go:269.17,272.4 1 0
github.com/infobloxopen/themis/pdp/selector.go:280.93,281.27 1 0
github.com/infobloxopen/themis/pdp/selector.go:299.2,300.89 1 0
github.com/infobloxopen/themis/pdp/selector.go:282.2,284.17 2 0
github.com/infobloxopen/themis/pdp/selector.go:288.3,288.58 1 0
github.com/infobloxopen/themis/pdp/selector.go:290.2,292.17 2 0
github.com/infobloxopen/themis/pdp/selector.go:296.3,296.58 1 0
github.com/infobloxopen/themis/pdp/selector.go:284.17,286.4 1 0
github.com/infobloxopen/themis/pdp/selector.go:292.17,294.4 1 0
github.com/infobloxopen/themis/pdp/selector.go:303.88,304.11 1 34
github.com/infobloxopen/themis/pdp/selector.go:333.2,334.89 1 0
github.com/infobloxopen/themis/pdp/selector.go:305.2,306.46 1 0
github.com/infobloxopen/themis/pdp/selector.go:308.2,309.43 1 33
github.com/infobloxopen/themis/pdp/selector.go:311.2,312.44 1 1
github.com/infobloxopen/themis/pdp/selector.go:314.2,315.44 1 0
github.com/infobloxopen/themis/pdp/selector.go:317.2,318.44 1 0
github.com/infobloxopen/themis/pdp/selector.go:320.2,321.43 1 0
github.com/infobloxopen/themis/pdp/selector.go:323.2,324.49 1 0
github.com/infobloxopen/themis/pdp/selector.go:326.2,327.50 1 0
github.com/infobloxopen/themis/pdp/selector.go:329.2,330.49 1 0
github.com/infobloxopen/themis/pdp/selector.go:337.77,338.11 1 0
github.com/infobloxopen/themis/pdp/selector.go:349.2,349.34 1 0
github.com/infobloxopen/themis/pdp/selector.go:339.2,340.77 1 0
github.com/infobloxopen/themis/pdp/selector.go:342.2,343.76 1 0
github.com/infobloxopen/themis/pdp/selector.go:345.2,346.77 1 0
github.com/infobloxopen/themis/pdp/selector.go:352.105,353.23 1 16
github.com/infobloxopen/themis/pdp/selector.go:367.2,368.127 1 0
github.com/infobloxopen/themis/pdp/selector.go:354.2,355.45 1 10
github.com/infobloxopen/themis/pdp/selector.go:357.2,358.28 1 6
github.com/infobloxopen/themis/pdp/selector.go:360.2,361.48 1 0
github.com/infobloxopen/themis/pdp/selector.go:363.2,364.45 1 0
github.com/infobloxopen/themis/pdp/selector.go:371.75,375.10 3 6
github.com/infobloxopen/themis/pdp/selector.go:379.2,379.16 1 6
github.com/infobloxopen/themis/pdp/selector.go:383.2,383.30 1 6
github.com/infobloxopen/themis/pdp/selector.go:468.2,468.15 1 6
github.com/infobloxopen/themis/pdp/selector.go:375.10,377.3 1 0
github.com/infobloxopen/themis/pdp/selector.go:379.16,381.3 1 0
github.com/infobloxopen/themis/pdp/selector.go:383.30,384.15 1 10
github.com/infobloxopen/themis/pdp/selector.go:390.3,393.17 3 10
github.com/infobloxopen/themis/pdp/selector.go:398.3,399.21 2 10
github.com/infobloxopen/themis/pdp/selector.go:418.3,418.17 1 10
github.com/infobloxopen/themis/pdp/selector.go:422.3,427.24 2 10
github.com/infobloxopen/themis/pdp/selector.go:453.3,453.10 1 10
github.com/infobloxopen/themis/pdp/selector.go:458.3,459.11 2 10
github.com/infobloxopen/themis/pdp/selector.go:463.3,463.17 1 10
github.com/infobloxopen/themis/pdp/selector.go:384.15,388.4 1 0
github.com/infobloxopen/themis/pdp/selector.go:393.17,396.4 1 0
github.com/infobloxopen/themis/pdp/selector.go:400.3,403.74 1 0
github.com/infobloxopen/themis/pdp/selector.go:405.3,406.104 1 4
github.com/infobloxopen/themis/pdp/selector.go:408.3,409.104 1 2
github.com/infobloxopen/themis/pdp/selector.go:411.3,412.105 1 2
github.com/infobloxopen/themis/pdp/selector.go:414.3,415.105 1 2
github.com/infobloxopen/themis/pdp/selector.go:418.17,420.4 1 0
github.com/infobloxopen/themis/pdp/selector.go:428.3,430.113 1 0
github.com/infobloxopen/themis/pdp/selector.go:432.3,434.27 2 4
github.com/infobloxopen/themis/pdp/selector.go:435.3,437.31 2 2
github.com/infobloxopen/themis/pdp/selector.go:439.3,440.29 1 4
github.com/infobloxopen/themis/pdp/selector.go:441.4,444.18 3 2
github.com/infobloxopen/themis/pdp/selector.go:446.4,449.18 3 2
github.com/infobloxopen/themis/pdp/selector.go:453.10,456.4 2 0
github.com/infobloxopen/themis/pdp/selector.go:459.11,461.4 1 0
github.com/infobloxopen/themis/pdp/selector.go:463.17,465.4 1 0
github.com/infobloxopen/themis/pdp/selector.go:471.127,473.22 2 21
github.com/infobloxopen/themis/pdp/selector.go:478.2,478.10 1 21
github.com/infobloxopen/themis/pdp/selector.go:473.22,476.3 2 24
github.com/infobloxopen/themis/pdp/selector.go:481.128,483.22 2 6
github.com/infobloxopen/themis/pdp/selector.go:494.2,494.10 1 6
github.com/infobloxopen/themis/pdp/selector.go:483.22,486.17 3 18
github.com/infobloxopen/themis/pdp/selector.go:491.3,491.65 1 18
github.com/infobloxopen/themis/pdp/selector.go:486.17,489.4 1 0
github.com/infobloxopen/themis/pdp/selector.go:497.128,499.22 2 8
github.com/infobloxopen/themis/pdp/selector.go:510.2,510.10 1 8
github.com/infobloxopen/themis/pdp/selector.go:499.22,502.17 3 18
github.com/infobloxopen/themis/pdp/selector.go:507.3,507.77 1 18
github.com/infobloxopen/themis/pdp/selector.go:502.17,505.4 1 0
github.com/infobloxopen/themis/pdp/selector.go:513.137,515.9 2 36
github.com/infobloxopen/themis/pdp/selector.go:519.2,519.27 1 35
github.com/infobloxopen/themis/pdp/selector.go:527.2,527.64 1 21
github.com/infobloxopen/themis/pdp/selector.go:515.9,517.3 1 1
github.com/infobloxopen/themis/pdp/selector.go:520.2,521.66 1 6
github.com/infobloxopen/themis/pdp/selector.go:523.2,524.66 1 8
github.com/infobloxopen/themis/pdp/selector.go:531.94,533.16 2 6
github.com/infobloxopen/themis/pdp/selector.go:538.2,538.26 1 6
github.com/infobloxopen/themis/pdp/selector.go:543.2,543.13 1 6
github.com/infobloxopen/themis/pdp/selector.go:533.16,536.3 1 0
github.com/infobloxopen/themis/pdp/selector.go:538.26,541.3 1 0
github.com/infobloxopen/themis/pdp/selector.go:546.101,548.9 2 13
github.com/infobloxopen/themis/pdp/selector.go:553.2,553.10 1 13
github.com/infobloxopen/themis/pdp/selector.go:548.9,551.3 2 0
github.com/infobloxopen/themis/pdp/selector.go:556.112,560.31 3 70
github.com/infobloxopen/themis/pdp/selector.go:602.2,603.16 2 34
github.com/infobloxopen/themis/pdp/selector.go:607.2,607.10 1 33
github.com/infobloxopen/themis/pdp/selector.go:560.31,561.27 1 55
github.com/infobloxopen/themis/pdp/selector.go:562.3,563.105 1 0
github.com/infobloxopen/themis/pdp/selector.go:565.3,566.78 1 18
github.com/infobloxopen/themis/pdp/selector.go:568.3,569.78 1 18
github.com/infobloxopen/themis/pdp/selector.go:571.3,575.10 3 19
github.com/infobloxopen/themis/pdp/selector.go:586.4,587.10 2 13
github.com/infobloxopen/themis/pdp/selector.go:598.4,598.99 1 0
github.com/infobloxopen/themis/pdp/selector.go:575.10,578.11 3 6
github.com/infobloxopen/themis/pdp/selector.go:582.5,583.13 2 6
github.com/infobloxopen/themis/pdp/selector.go:578.11,580.6 1 0
github.com/infobloxopen/themis/pdp/selector.go:587.10,590.11 3 13
github.com/infobloxopen/themis/pdp/selector.go:594.5,595.13 2 13
github.com/infobloxopen/themis/pdp/selector.go:590.11,592.6 1 0
github.com/infobloxopen/themis/pdp/selector.go:603.16,605.3 1 1
github.com/infobloxopen/themis/pdp/selector.go:610.77,615.27 4 10
github.com/infobloxopen/themis/pdp/selector.go:636.2,636.30 1 10
github.com/infobloxopen/themis/pdp/selector.go:640.2,640.26 1 10
github.com/infobloxopen/themis/pdp/selector.go:615.27,618.27 2 27
github.com/infobloxopen/themis/pdp/selector.go:619.3,620.9 1 13
github.com/infobloxopen/themis/pdp/selector.go:622.3,626.26 3 11
github.com/infobloxopen/themis/pdp/selector.go:628.3,632.26 3 3
github.com/infobloxopen/themis/pdp/selector.go:636.30,638.3 1 4
github.com/infobloxopen/themis/pdp/selector.go:643.124,648.2 3 10
github.com/infobloxopen/themis/pdp/yast_policies.go:14.13,17.2 2 1
github.com/infobloxopen/themis/pdp/yast_policies.go:19.127,21.9 2 14
github.com/infobloxopen/themis/pdp/yast_policies.go:25.2,26.16 2 6
github.com/infobloxopen/themis/pdp/yast_policies.go:30.2,31.9 2 6
github.com/infobloxopen/themis/pdp/yast_policies.go:35.2,35.18 1 6
github.com/infobloxopen/themis/pdp/yast_policies.go:21.9,23.3 1 8
github.com/infobloxopen/themis/pdp/yast_policies.go:26.16,28.3 1 0
github.com/infobloxopen/themis/pdp/yast_policies.go:31.9,33.3 1 0
github.com/infobloxopen/themis/pdp/yast_policies.go:38.147,40.16 2 18
github.com/infobloxopen/themis/pdp/yast_policies.go:44.2,45.9 2 18
github.com/infobloxopen/themis/pdp/yast_policies.go:49.2,52.19 3 7
github.com/infobloxopen/themis/pdp/yast_policies.go:56.2,57.16 2 7
github.com/infobloxopen/themis/pdp/yast_policies.go:61.2,61.28 1 7
github.com/infobloxopen/themis/pdp/yast_policies.go:40.16,42.3 1 0
github.com/infobloxopen/themis/pdp/yast_policies.go:45.9,47.3 1 11
github.com/infobloxopen/themis/pdp/yast_policies.go:52.19,54.3 1 0
github.com/infobloxopen/themis/pdp/yast_policies.go:57.16,59.3 1 0
github.com/infobloxopen/themis/pdp/yast_policies.go:64.123,66.9 2 7
github.com/infobloxopen/themis/pdp/yast_policies.go:70.2,71.16 2 7
github.com/infobloxopen/themis/pdp/yast_policies.go:75.2,80.28 4 7
github.com/infobloxopen/themis/pdp/yast_policies.go:85.2,85.10 1 7
github.com/infobloxopen/themis/pdp/yast_policies.go:89.2,90.16 2 7
github.com/infobloxopen/themis/pdp/yast_policies.go:94.2,95.16 2 7
github.com/infobloxopen/themis/pdp/yast_policies.go:99.2,100.8 2 7
github.com/infobloxopen/themis/pdp/yast_policies.go:118.2,118.20 1 7
github.com/infobloxopen/themis/pdp/yast_policies.go:66.9,68.3 1 0
github.com/infobloxopen/themis/pdp/yast_policies.go:71.16,73.3 1 0
github.com/infobloxopen/themis/pdp/yast_policies.go:80.28,83.3 2 19
github.com/infobloxopen/themis/pdp/yast_policies.go:85.10,87.3 1 4
github.com/infobloxopen/themis/pdp/yast_policies.go:90.16,92.3 1 0
github.com/infobloxopen/themis/pdp/yast_policies.go:95.16,97.3 1 0
github.com/infobloxopen/themis/pdp/yast_policies.go:100.8,102.17 2 5
github.com/infobloxopen/themis/pdp/yast_policies.go:106.3,109.69 3 5
github.com/infobloxopen/themis/pdp/yast_policies.go:102.17,104.4 1 0
github.com/infobloxopen/themis/pdp/yast_policies.go:109.69,111.4 1 0
github.com/infobloxopen/themis/pdp/yast_policies.go:112.3,113.33 1 2
github.com/infobloxopen/themis/pdp/yast_policies.go:113.33,115.4 1 0
github.com/infobloxopen/themis/pdp/yast_policies.go:121.107,125.16 3 13
github.com/infobloxopen/themis/pdp/yast_policies.go:129.2,133.16 4 13
github.com/infobloxopen/themis/pdp/yast_policies.go:137.2,138.16 2 13
github.com/infobloxopen/themis/pdp/yast_policies.go:142.2,147.16 5 13
github.com/infobloxopen/themis/pdp/yast_policies.go:151.2,154.17 3 13
github.com/infobloxopen/themis/pdp/yast_policies.go:125.16,127.3 1 0
github.com/infobloxopen/themis/pdp/yast_policies.go:133.16,135.3 1 0
github.com/infobloxopen/themis/pdp/yast_policies.go:138.16,140.3 1 0
github.com/infobloxopen/themis/pdp/yast_policies.go:147.16,149.3 1 0
github.com/infobloxopen/themis/pdp/yast_policies.go:157.113,162.16 4 11
github.com/infobloxopen/themis/pdp/yast_policies.go:166.2,166.30 1 11
github.com/infobloxopen/themis/pdp/yast_policies.go:162.16,164.3 1 0
github.com/infobloxopen/themis/pdp/yast_policies.go:169.82,174.16 4 5
github.com/infobloxopen/themis/pdp/yast_policies.go:178.2,179.26 2 5
github.com/infobloxopen/themis/pdp/yast_policies.go:186.2,186.15 1 5
github.com/infobloxopen/themis/pdp/yast_policies.go:174.16,176.3 1 0
github.com/infobloxopen/themis/pdp/yast_policies.go:179.26,181.17 2 11
github.com/infobloxopen/themis/pdp/yast_policies.go:181.17,183.4 1 0
github.com/infobloxopen/themis/pdp/yast_policies.go:189.147,191.16 2 10
github.com/infobloxopen/themis/pdp/yast_policies.go:195.2,195.19 1 10
github.com/infobloxopen/themis/pdp/yast_policies.go:202.2,204.9 3 10
github.com/infobloxopen/themis/pdp/yast_policies.go:208.2,208.27 1 10
github.com/infobloxopen/themis/pdp/yast_policies.go:191.16,193.3 1 0
github.com/infobloxopen/themis/pdp/yast_policies.go:195.19,197.17 2 6
github.com/infobloxopen/themis/pdp/yast_policies.go:197.17,199.4 1 0
github.com/infobloxopen/themis/pdp/yast_policies.go:204.9,206.3 1 0
github.com/infobloxopen/themis/pdp/yast_policies.go:211.140,213.9 2 12
github.com/infobloxopen/themis/pdp/yast_policies.go:217.2,218.16 2 6
github.com/infobloxopen/themis/pdp/yast_policies.go:222.2,223.9 2 6
github.com/infobloxopen/themis/pdp/yast_policies.go:227.2,227.20 1 6
github.com/infobloxopen/themis/pdp/yast_policies.go:213.9,215.3 1 6
github.com/infobloxopen/themis/pdp/yast_policies.go:218.16,220.3 1 0
github.com/infobloxopen/themis/pdp/yast_policies.go:223.9,225.3 1 0
github.com/infobloxopen/themis/pdp/yast_policies.go:230.154,232.16 2 10
github.com/infobloxopen/themis/pdp/yast_policies.go:236.2,237.9 2 10
github.com/infobloxopen/themis/pdp/yast_policies.go:241.2,244.19 3 6
github.com/infobloxopen/themis/pdp/yast_policies.go:248.2,249.16 2 6
github.com/infobloxopen/themis/pdp/yast_policies.go:253.2,253.28 1 6
github.com/infobloxopen/themis/pdp/yast_policies.go:232.16,234.3 1 0
github.com/infobloxopen/themis/pdp/yast_policies.go:237.9,239.3 1 4
github.com/infobloxopen/themis/pdp/yast_policies.go:244.19,246.3 1 0
github.com/infobloxopen/themis/pdp/yast_policies.go:249.16,251.3 1 0
github.com/infobloxopen/themis/pdp/yast_policies.go:256.126,258.9 2 6
github.com/infobloxopen/themis/pdp/yast_policies.go:262.2,263.16 2 6
github.com/infobloxopen/themis/pdp/yast_policies.go:267.2,272.31 4 6
github.com/infobloxopen/themis/pdp/yast_policies.go:276.2,276.10 1 6
github.com/infobloxopen/themis/pdp/yast_policies.go:280.2,281.16 2 6
github.com/infobloxopen/themis/pdp/yast_policies.go:285.2,286.16 2 6
github.com/infobloxopen/themis/pdp/yast_policies.go:290.2,291.8 2 6
github.com/infobloxopen/themis/pdp/yast_policies.go:309.2,309.20 1 6
github.com/infobloxopen/themis/pdp/yast_policies.go:258.9,260.3 1 0
github.com/infobloxopen/themis/pdp/yast_policies.go:263.16,265.3 1 0
github.com/infobloxopen/themis/pdp/yast_policies.go:272.31,274.3 1 18
github.com/infobloxopen/themis/pdp/yast_policies.go:276.10,278.3 1 3
github.com/infobloxopen/themis/pdp/yast_policies.go:281.16,283.3 1 0
github.com/infobloxopen/themis/pdp/yast_policies.go:286.16,288.3 1 0
github.com/infobloxopen/themis/pdp/yast_policies.go:291.8,293.17 2 5
github.com/infobloxopen/themis/pdp/yast_policies.go:297.3,300.69 3 5
github.com/infobloxopen/themis/pdp/yast_policies.go:293.17,295.4 1 0
github.com/infobloxopen/themis/pdp/yast_policies.go:300.69,302.4 1 0
github.com/infobloxopen/themis/pdp/yast_policies.go:303.3,304.33 1 1
github.com/infobloxopen/themis/pdp/yast_policies.go:304.33,306.4 1 0
github.com/infobloxopen/themis/pdp/yast_policies.go:312.113,316.16 3 5
github.com/infobloxopen/themis/pdp/yast_policies.go:320.2,324.16 4 5
github.com/infobloxopen/themis/pdp/yast_policies.go:328.2,329.16 2 5
github.com/infobloxopen/themis/pdp/yast_policies.go:333.2,338.16 5 5
github.com/infobloxopen/themis/pdp/yast_policies.go:342.2,345.17 3 5
github.com/infobloxopen/themis/pdp/yast_policies.go:316.16,318.3 1 0
github.com/infobloxopen/themis/pdp/yast_policies.go:324.16,326.3 1 0
github.com/infobloxopen/themis/pdp/yast_policies.go:329.16,331.3 1 0
github.com/infobloxopen/themis/pdp/yast_policies.go:338.16,340.3 1 0
github.com/infobloxopen/themis/pdp/yast_policies.go:348.73,350.16 2 18
github.com/infobloxopen/themis/pdp/yast_policies.go:354.2,357.29 3 18
github.com/infobloxopen/themis/pdp/yast_policies.go:361.2,361.14 1 18
github.com/infobloxopen/themis/pdp/yast_policies.go:365.2,365.17 1 5
github.com/infobloxopen/themis/pdp/yast_policies.go:369.2,369.100 1 0
github.com/infobloxopen/themis/pdp/yast_policies.go:350.16,352.3 1 0
github.com/infobloxopen/themis/pdp/yast_policies.go:357.29,359.3 1 0
github.com/infobloxopen/themis/pdp/yast_policies.go:361.14,363.3 1 13
github.com/infobloxopen/themis/pdp/yast_policies.go:365.17,367.3 1 5
github.com/infobloxopen/themis/pdp/attribute.go:53.47,54.20 1 21
github.com/infobloxopen/themis/pdp/attribute.go:118.2,118.69 1 0
github.com/infobloxopen/themis/pdp/attribute.go:55.2,56.34 1 0
github.com/infobloxopen/themis/pdp/attribute.go:58.2,59.36 1 0
github.com/infobloxopen/themis/pdp/attribute.go:61.2,62.36 1 21
github.com/infobloxopen/themis/pdp/attribute.go:64.2,65.35 1 0
github.com/infobloxopen/themis/pdp/attribute.go:67.2,69.20 2 0
github.com/infobloxopen/themis/pdp/attribute.go:71.2,72.36 1 0
github.com/infobloxopen/themis/pdp/attribute.go:74.2,76.64 2 0
github.com/infobloxopen/themis/pdp/attribute.go:85.3,85.56 1 0
github.com/infobloxopen/themis/pdp/attribute.go:87.2,90.53 3 0
github.com/infobloxopen/themis/pdp/attribute.go:100.3,100.56 1 0
github.com/infobloxopen/themis/pdp/attribute.go:102.2,105.55 3 0
github.com/infobloxopen/themis/pdp/attribute.go:115.3,115.56 1 0
github.com/infobloxopen/themis/pdp/attribute.go:76.64,77.13 1 0
github.com/infobloxopen/themis/pdp/attribute.go:82.4,82.28 1 0
github.com/infobloxopen/themis/pdp/attribute.go:77.13,79.10 2 0
github.com/infobloxopen/themis/pdp/attribute.go:90.53,91.13 1 0
github.com/infobloxopen/themis/pdp/attribute.go:96.4,97.7 2 0
github.com/infobloxopen/themis/pdp/attribute.go:91.13,93.10 2 0
github.com/infobloxopen/themis/pdp/attribute.go:105.55,106.13 1 0
github.com/infobloxopen/themis/pdp/attribute.go:111.4,112.7 2 0
github.com/infobloxopen/themis/pdp/attribute.go:106.13,108.10 2 0
github.com/infobloxopen/themis/pdp/attribute.go:121.49,123.2 1 8
github.com/infobloxopen/themis/pdp/attribute.go:125.81,127.2 1 0
github.com/infobloxopen/themis/pdp/attribute.go:138.52,140.2 1 40
github.com/infobloxopen/themis/pdp/attribute.go:142.54,144.2 1 38
github.com/infobloxopen/themis/pdp/attribute.go:146.86,148.2 1 16
github.com/infobloxopen/themis/pdp/attribute.go:150.75,151.35 1 0
github.com/infobloxopen/themis/pdp/attribute.go:156.2,156.28 1 0
github.com/infobloxopen/themis/pdp/attribute.go:151.35,154.3 1 0
github.com/infobloxopen/themis/pdp/attribute.go:159.76,160.34 1 12
github.com/infobloxopen/themis/pdp/attribute.go:165.2,165.30 1 6
github.com/infobloxopen/themis/pdp/attribute.go:160.34,163.3 1 6
github.com/infobloxopen/themis/pdp/attribute.go:168.77,169.35 1 2
github.com/infobloxopen/themis/pdp/attribute.go:174.2,174.30 1 2
github.com/infobloxopen/themis/pdp/attribute.go:169.35,172.3 1 0
github.com/infobloxopen/themis/pdp/attribute.go:177.80,178.35 1 2
github.com/infobloxopen/themis/pdp/attribute.go:183.2,183.33 1 2
github.com/infobloxopen/themis/pdp/attribute.go:178.35,181.3 1 0
github.com/infobloxopen/themis/pdp/attribute.go:186.76,187.34 1 2
github.com/infobloxopen/themis/pdp/attribute.go:192.2,192.30 1 2
github.com/infobloxopen/themis/pdp/attribute.go:187.34,190.3 1 0
github.com/infobloxopen/themis/pdp/attribute.go:195.90,196.40 1 6
github.com/infobloxopen/themis/pdp/attribute.go:201.2,201.38 1 6
github.com/infobloxopen/themis/pdp/attribute.go:196.40,199.3 1 0
github.com/infobloxopen/themis/pdp/attribute.go:204.91,205.41 1 0
github.com/infobloxopen/themis/pdp/attribute.go:210.2,210.38 1 0
github.com/infobloxopen/themis/pdp/attribute.go:205.41,208.3 1 0
github.com/infobloxopen/themis/pdp/attribute.go:213.92,214.40 1 0
github.com/infobloxopen/themis/pdp/attribute.go:219.2,219.40 1 0
github.com/infobloxopen/themis/pdp/attribute.go:214.40,217.3 1 0
github.com/infobloxopen/themis/pdp/domain_tree.go:21.49,23.2 1 30
github.com/infobloxopen/themis/pdp/domain_tree.go:25.44,27.2 1 68
github.com/infobloxopen/themis/pdp/domain_tree.go:29.59,32.16 2 34
github.com/infobloxopen/themis/pdp/domain_tree.go:48.2,49.16 2 34
github.com/infobloxopen/themis/pdp/domain_tree.go:32.16,35.41 2 33
github.com/infobloxopen/themis/pdp/domain_tree.go:35.41,39.11 3 82
github.com/infobloxopen/themis/pdp/domain_tree.go:44.4,44.15 1 82
github.com/infobloxopen/themis/pdp/domain_tree.go:39.11,42.5 2 57
github.com/infobloxopen/themis/pdp/domain_tree.go:52.60,57.16 4 10
github.com/infobloxopen/themis/pdp/domain_tree.go:76.2,76.24 1 10
github.com/infobloxopen/themis/pdp/domain_tree.go:57.16,60.41 2 10
github.com/infobloxopen/themis/pdp/domain_tree.go:60.41,64.11 3 26
github.com/infobloxopen/themis/pdp/domain_tree.go:68.4,69.21 2 23
github.com/infobloxopen/themis/pdp/domain_tree.go:64.11,65.10 1 3
github.com/infobloxopen/themis/pdp/domain_tree.go:69.21,72.5 2 7
github.com/infobloxopen/themis/pdp/domain_tree.go:79.50,82.2 2 1
github.com/infobloxopen/themis/pdp/domain_tree.go:84.74,85.16 1 21
github.com/infobloxopen/themis/pdp/domain_tree.go:94.2,94.42 1 21
github.com/infobloxopen/themis/pdp/domain_tree.go:85.16,87.29 2 10
github.com/infobloxopen/themis/pdp/domain_tree.go:91.3,91.57 1 10
github.com/infobloxopen/themis/pdp/domain_tree.go:87.29,89.4 1 26
github.com/infobloxopen/themis/pdp/domain_tree.go:94.42,96.3 1 18
github.com/infobloxopen/themis/pdp/domain_tree.go:99.57,102.12 2 3
github.com/infobloxopen/themis/pdp/domain_tree.go:108.2,108.11 1 3
github.com/infobloxopen/themis/pdp/domain_tree.go:102.12,106.3 2 3
github.com/infobloxopen/themis/pdp/yast.go:51.94,54.16 3 1
github.com/infobloxopen/themis/pdp/yast.go:58.2,60.16 2 1
github.com/infobloxopen/themis/pdp/yast.go:64.2,65.16 2 1
github.com/infobloxopen/themis/pdp/yast.go:69.2,70.16 2 1
github.com/infobloxopen/themis/pdp/yast.go:74.2,74.37 1 1
github.com/infobloxopen/themis/pdp/yast.go:86.2,86.32 1 0
github.com/infobloxopen/themis/pdp/yast.go:54.16,56.3 1 0
github.com/infobloxopen/themis/pdp/yast.go:60.16,62.3 1 0
github.com/infobloxopen/themis/pdp/yast.go:65.16,67.3 1 0
github.com/infobloxopen/themis/pdp/yast.go:70.16,72.3 1 0
github.com/infobloxopen/themis/pdp/yast.go:74.37,79.17 4 1
github.com/infobloxopen/themis/pdp/yast.go:83.3,83.16 1 1
github.com/infobloxopen/themis/pdp/yast.go:79.17,81.4 1 0
github.com/infobloxopen/themis/pdp/yast.go:89.76,91.16 2 0
github.com/infobloxopen/themis/pdp/yast.go:95.2,96.16 2 0
github.com/infobloxopen/themis/pdp/yast.go:100.2,100.35 1 0
github.com/infobloxopen/themis/pdp/yast.go:91.16,93.3 1 0
github.com/infobloxopen/themis/pdp/yast.go:96.16,98.3 1 0
github.com/infobloxopen/themis/pdp/logical.go:17.51,19.2 1 0
github.com/infobloxopen/themis/pdp/logical.go:21.53,23.2 1 1
github.com/infobloxopen/themis/pdp/logical.go:25.85,29.16 3 0
github.com/infobloxopen/themis/pdp/logical.go:33.2,34.16 2 0
github.com/infobloxopen/themis/pdp/logical.go:38.2,41.15 3 0
github.com/infobloxopen/themis/pdp/logical.go:29.16,31.3 1 0
github.com/infobloxopen/themis/pdp/logical.go:34.16,36.3 1 0
github.com/infobloxopen/themis/pdp/logical.go:44.50,46.2 1 0
github.com/infobloxopen/themis/pdp/logical.go:48.52,50.2 1 1
github.com/infobloxopen/themis/pdp/logical.go:52.84,55.29 2 0
github.com/infobloxopen/themis/pdp/logical.go:73.2,76.15 3 0
github.com/infobloxopen/themis/pdp/logical.go:55.29,57.17 2 0
github.com/infobloxopen/themis/pdp/logical.go:61.3,62.17 2 0
github.com/infobloxopen/themis/pdp/logical.go:66.3,66.8 1 0
github.com/infobloxopen/themis/pdp/logical.go:57.17,59.4 1 0
github.com/infobloxopen/themis/pdp/logical.go:62.17,64.4 1 0
github.com/infobloxopen/themis/pdp/logical.go:66.8,70.4 3 0
github.com/infobloxopen/themis/pdp/logical.go:79.51,81.2 1 0
github.com/infobloxopen/themis/pdp/logical.go:83.53,85.2 1 1
github.com/infobloxopen/themis/pdp/logical.go:87.85,90.29 2 0
github.com/infobloxopen/themis/pdp/logical.go:108.2,111.15 3 0
github.com/infobloxopen/themis/pdp/logical.go:90.29,92.17 2 0
github.com/infobloxopen/themis/pdp/logical.go:96.3,97.17 2 0
github.com/infobloxopen/themis/pdp/logical.go:101.3,101.9 1 0
github.com/infobloxopen/themis/pdp/logical.go:92.17,94.4 1 0
github.com/infobloxopen/themis/pdp/logical.go:97.17,99.4 1 0
github.com/infobloxopen/themis/pdp/logical.go:101.9,105.4 3 0
github.com/infobloxopen/themis/pdp/logical.go:114.71,116.2 1 1
github.com/infobloxopen/themis/pdp/logical.go:118.80,119.66 1 1
github.com/infobloxopen/themis/pdp/logical.go:123.2,123.12 1 0
github.com/infobloxopen/themis/pdp/logical.go:119.66,121.3 1 1
github.com/infobloxopen/themis/pdp/logical.go:126.70,128.2 1 1
github.com/infobloxopen/themis/pdp/logical.go:130.79,131.19 1 1
github.com/infobloxopen/themis/pdp/logical.go:135.2,135.25 1 1
github.com/infobloxopen/themis/pdp/logical.go:141.2,141.34 1 1
github.com/infobloxopen/themis/pdp/logical.go:131.19,133.3 1 0
github.com/infobloxopen/themis/pdp/logical.go:135.25,136.43 1 2
github.com/infobloxopen/themis/pdp/logical.go:136.43,138.4 1 0
github.com/infobloxopen/themis/pdp/logical.go:144.71,146.2 1 1
github.com/infobloxopen/themis/pdp/logical.go:148.80,149.19 1 1
github.com/infobloxopen/themis/pdp/logical.go:153.2,153.25 1 1
github.com/infobloxopen/themis/pdp/logical.go:159.2,159.35 1 1
github.com/infobloxopen/themis/pdp/logical.go:149.19,151.3 1 0
github.com/infobloxopen/themis/pdp/logical.go:153.25,154.43 1 2
github.com/infobloxopen/themis/pdp/logical.go:154.43,156.4 1 0
github.com/infobloxopen/themis/pdp/rule.go:13.85,15.16 2 0
github.com/infobloxopen/themis/pdp/rule.go:19.2,19.35 1 0
github.com/infobloxopen/themis/pdp/rule.go:24.2,24.15 1 0
github.com/infobloxopen/themis/pdp/rule.go:15.16,17.3 1 0
github.com/infobloxopen/themis/pdp/rule.go:19.35,22.3 1 0
github.com/infobloxopen/themis/pdp/rule.go:27.56,29.16 2 4
github.com/infobloxopen/themis/pdp/rule.go:38.2,38.12 1 4
github.com/infobloxopen/themis/pdp/rule.go:42.2,42.24 1 4
github.com/infobloxopen/themis/pdp/rule.go:46.2,47.16 2 0
github.com/infobloxopen/themis/pdp/rule.go:56.2,56.25 1 0
github.com/infobloxopen/themis/pdp/rule.go:60.2,60.52 1 0
github.com/infobloxopen/themis/pdp/rule.go:29.16,31.29 2 0
github.com/infobloxopen/themis/pdp/rule.go:35.3,35.52 1 0
github.com/infobloxopen/themis/pdp/rule.go:31.29,33.4 1 0
github.com/infobloxopen/themis/pdp/rule.go:38.12,40.3 1 0
github.com/infobloxopen/themis/pdp/rule.go:42.24,44.3 1 4
github.com/infobloxopen/themis/pdp/rule.go:47.16,49.29 2 0
github.com/infobloxopen/themis/pdp/rule.go:53.3,53.52 1 0
github.com/infobloxopen/themis/pdp/rule.go:49.29,51.4 1 0
github.com/infobloxopen/themis/pdp/rule.go:56.25,58.3 1 0
github.com/infobloxopen/themis/pdp/yast_file.go:8.65,9.42 1 0
github.com/infobloxopen/themis/pdp/yast_file.go:13.2,14.16 2 0
github.com/infobloxopen/themis/pdp/yast_file.go:18.2,18.25 1 0
github.com/infobloxopen/themis/pdp/yast_file.go:22.2,22.42 1 0
github.com/infobloxopen/themis/pdp/yast_file.go:9.42,11.3 1 0
github.com/infobloxopen/themis/pdp/yast_file.go:14.16,16.3 1 0
github.com/infobloxopen/themis/pdp/yast_file.go:18.25,20.3 1 0
github.com/infobloxopen/themis/pdp/yast_selector.go:8.94,10.16 2 10
github.com/infobloxopen/themis/pdp/yast_selector.go:14.2,14.34 1 9
github.com/infobloxopen/themis/pdp/yast_selector.go:19.2,19.15 1 8
github.com/infobloxopen/themis/pdp/yast_selector.go:10.16,12.3 1 1
github.com/infobloxopen/themis/pdp/yast_selector.go:14.34,17.3 1 1
github.com/infobloxopen/themis/pdp/yast_selector.go:22.98,24.16 2 24
github.com/infobloxopen/themis/pdp/yast_selector.go:28.2,29.9 2 23
github.com/infobloxopen/themis/pdp/yast_selector.go:33.2,36.33 1 22
github.com/infobloxopen/themis/pdp/yast_selector.go:41.2,41.40 1 21
github.com/infobloxopen/themis/pdp/yast_selector.go:24.16,26.3 1 1
github.com/infobloxopen/themis/pdp/yast_selector.go:29.9,31.3 1 1
github.com/infobloxopen/themis/pdp/yast_selector.go:36.33,39.3 1 1
github.com/infobloxopen/themis/pdp/yast_selector.go:44.97,46.16 2 6
github.com/infobloxopen/themis/pdp/yast_selector.go:50.2,53.33 1 5
github.com/infobloxopen/themis/pdp/yast_selector.go:58.2,58.15 1 4
github.com/infobloxopen/themis/pdp/yast_selector.go:46.16,48.3 1 1
github.com/infobloxopen/themis/pdp/yast_selector.go:53.33,56.3 1 1
github.com/infobloxopen/themis/pdp/yast_selector.go:61.115,63.16 2 43
github.com/infobloxopen/themis/pdp/yast_selector.go:67.2,68.16 2 42
github.com/infobloxopen/themis/pdp/yast_selector.go:72.2,72.11 1 41
github.com/infobloxopen/themis/pdp/yast_selector.go:83.2,83.92 1 1
github.com/infobloxopen/themis/pdp/yast_selector.go:63.16,65.3 1 1
github.com/infobloxopen/themis/pdp/yast_selector.go:68.16,70.3 1 1
github.com/infobloxopen/themis/pdp/yast_selector.go:73.2,74.50 1 10
github.com/infobloxopen/themis/pdp/yast_selector.go:76.2,77.54 1 24
github.com/infobloxopen/themis/pdp/yast_selector.go:79.2,80.53 1 6
github.com/infobloxopen/themis/pdp/yast_selector.go:86.104,91.16 4 61
github.com/infobloxopen/themis/pdp/yast_selector.go:107.2,107.73 1 17
github.com/infobloxopen/themis/pdp/yast_selector.go:91.16,93.17 2 44
github.com/infobloxopen/themis/pdp/yast_selector.go:97.3,100.15 3 43
github.com/infobloxopen/themis/pdp/yast_selector.go:104.3,104.22 1 43
github.com/infobloxopen/themis/pdp/yast_selector.go:93.17,95.4 1 1
github.com/infobloxopen/themis/pdp/yast_selector.go:100.15,102.4 1 33
github.com/infobloxopen/themis/pdp/yast_selector.go:110.108,112.16 2 27
github.com/infobloxopen/themis/pdp/yast_selector.go:116.2,121.25 5 25
github.com/infobloxopen/themis/pdp/yast_selector.go:131.2,131.40 1 14
github.com/infobloxopen/themis/pdp/yast_selector.go:112.16,114.3 1 2
github.com/infobloxopen/themis/pdp/yast_selector.go:121.25,123.17 2 61
github.com/infobloxopen/themis/pdp/yast_selector.go:127.3,128.11 2 50
github.com/infobloxopen/themis/pdp/yast_selector.go:123.17,125.4 1 11
github.com/infobloxopen/themis/pdp/yast_selector.go:134.106,136.16 2 14
github.com/infobloxopen/themis/pdp/yast_selector.go:140.2,141.9 2 13
github.com/infobloxopen/themis/pdp/yast_selector.go:145.2,145.19 1 12
github.com/infobloxopen/themis/pdp/yast_selector.go:136.16,138.3 1 1
github.com/infobloxopen/themis/pdp/yast_selector.go:141.9,143.3 1 1
github.com/infobloxopen/themis/pdp/yast_selector.go:148.77,153.16 4 32
github.com/infobloxopen/themis/pdp/yast_selector.go:157.2,158.16 2 31
github.com/infobloxopen/themis/pdp/yast_selector.go:162.2,163.9 2 28
github.com/infobloxopen/themis/pdp/yast_selector.go:167.2,168.16 2 27
github.com/infobloxopen/themis/pdp/yast_selector.go:172.2,173.16 2 14
github.com/infobloxopen/themis/pdp/yast_selector.go:177.2,177.26 1 12
github.com/infobloxopen/themis/pdp/yast_selector.go:181.2,182.9 2 12
github.com/infobloxopen/themis/pdp/yast_selector.go:187.2,188.8 2 12
github.com/infobloxopen/themis/pdp/yast_selector.go:192.2,197.17 4 10
github.com/infobloxopen/themis/pdp/yast_selector.go:153.16,155.3 1 1
github.com/infobloxopen/themis/pdp/yast_selector.go:158.16,160.3 1 3
github.com/infobloxopen/themis/pdp/yast_selector.go:163.9,165.3 1 1
github.com/infobloxopen/themis/pdp/yast_selector.go:168.16,170.3 1 13
github.com/infobloxopen/themis/pdp/yast_selector.go:173.16,175.3 1 2
github.com/infobloxopen/themis/pdp/yast_selector.go:177.26,179.3 1 7
github.com/infobloxopen/themis/pdp/yast_selector.go:182.9,185.3 2 10
github.com/infobloxopen/themis/pdp/yast_selector.go:188.8,190.3 1 2
github.com/infobloxopen/themis/pdp/yast_ctx.go:15.37,17.2 1 31
github.com/infobloxopen/themis/pdp/yast_ctx.go:19.67,21.2 1 316
github.com/infobloxopen/themis/pdp/yast_ctx.go:23.35,24.27 1 316
github.com/infobloxopen/themis/pdp/yast_ctx.go:28.2,28.51 1 316
github.com/infobloxopen/themis/pdp/yast_ctx.go:24.27,26.3 1 0
github.com/infobloxopen/themis/pdp/yast_ctx.go:31.79,33.9 2 378
github.com/infobloxopen/themis/pdp/yast_ctx.go:37.2,37.15 1 330
github.com/infobloxopen/themis/pdp/yast_ctx.go:33.9,35.3 1 48
github.com/infobloxopen/themis/pdp/yast_ctx.go:40.119,42.9 2 0
github.com/infobloxopen/themis/pdp/yast_ctx.go:46.2,46.36 1 0
github.com/infobloxopen/themis/pdp/yast_ctx.go:42.9,44.3 1 0
github.com/infobloxopen/themis/pdp/yast_ctx.go:49.104,51.9 2 131
github.com/infobloxopen/themis/pdp/yast_ctx.go:55.2,55.36 1 129
github.com/infobloxopen/themis/pdp/yast_ctx.go:51.9,53.3 1 2
github.com/infobloxopen/themis/pdp/yast_ctx.go:58.97,60.9 2 180
github.com/infobloxopen/themis/pdp/yast_ctx.go:64.2,64.15 1 177
github.com/infobloxopen/themis/pdp/yast_ctx.go:60.9,62.3 1 3
github.com/infobloxopen/themis/pdp/yast_ctx.go:67.122,69.9 2 2
github.com/infobloxopen/themis/pdp/yast_ctx.go:73.2,73.33 1 1
github.com/infobloxopen/themis/pdp/yast_ctx.go:69.9,71.3 1 1
github.com/infobloxopen/themis/pdp/yast_ctx.go:76.115,77.16 1 91
github.com/infobloxopen/themis/pdp/yast_ctx.go:81.2,81.22 1 90
github.com/infobloxopen/themis/pdp/yast_ctx.go:85.2,85.87 1 0
github.com/infobloxopen/themis/pdp/yast_ctx.go:77.16,79.3 1 1
github.com/infobloxopen/themis/pdp/yast_ctx.go:81.22,83.3 1 90
github.com/infobloxopen/themis/pdp/yast_ctx.go:88.84,90.9 2 64
github.com/infobloxopen/themis/pdp/yast_ctx.go:94.2,94.15 1 63
github.com/infobloxopen/themis/pdp/yast_ctx.go:90.9,92.3 1 1
github.com/infobloxopen/themis/pdp/yast_ctx.go:97.102,99.9 2 27
github.com/infobloxopen/themis/pdp/yast_ctx.go:103.2,103.34 1 26
github.com/infobloxopen/themis/pdp/yast_ctx.go:99.9,101.3 1 1
github.com/infobloxopen/themis/pdp/yast_ctx.go:106.77,108.16 2 0
github.com/infobloxopen/themis/pdp/yast_ctx.go:112.2,113.9 2 0
github.com/infobloxopen/themis/pdp/yast_ctx.go:117.2,117.15 1 0
github.com/infobloxopen/themis/pdp/yast_ctx.go:108.16,110.3 1 0
github.com/infobloxopen/themis/pdp/yast_ctx.go:113.9,115.3 1 0
github.com/infobloxopen/themis/pdp/yast_ctx.go:120.185,122.9 2 28
github.com/infobloxopen/themis/pdp/yast_ctx.go:126.2,126.23 1 27
github.com/infobloxopen/themis/pdp/yast_ctx.go:133.2,133.63 1 0
github.com/infobloxopen/themis/pdp/yast_ctx.go:122.9,124.3 1 1
github.com/infobloxopen/themis/pdp/yast_ctx.go:127.2,128.21 1 14
github.com/infobloxopen/themis/pdp/yast_ctx.go:129.2,130.20 1 13
github.com/infobloxopen/themis/pdp/yast_error.go:13.36,15.2 1 19
github.com/infobloxopen/themis/pdp/yast_error.go:17.66,19.50 2 63
github.com/infobloxopen/themis/pdp/yast_error.go:23.2,23.59 1 63
github.com/infobloxopen/themis/pdp/yast_error.go:19.50,21.3 1 63
github.com/infobloxopen/themis/pdp/yast_error.go:26.71,28.19 2 0
github.com/infobloxopen/themis/pdp/yast_error.go:32.2,32.114 1 0
github.com/infobloxopen/themis/pdp/yast_error.go:28.19,30.3 1 0
github.com/infobloxopen/themis/pdp/yast_includes.go:8.68,10.16 2 0
github.com/infobloxopen/themis/pdp/yast_includes.go:14.2,17.16 3 0
github.com/infobloxopen/themis/pdp/yast_includes.go:21.2,23.17 3 0
github.com/infobloxopen/themis/pdp/yast_includes.go:27.2,29.17 3 0
github.com/infobloxopen/themis/pdp/yast_includes.go:33.2,33.94 1 0
github.com/infobloxopen/themis/pdp/yast_includes.go:10.16,12.3 1 0
github.com/infobloxopen/themis/pdp/yast_includes.go:17.16,19.3 1 0
github.com/infobloxopen/themis/pdp/yast_includes.go:23.17,25.3 1 0
github.com/infobloxopen/themis/pdp/yast_includes.go:29.17,31.3 1 0
github.com/infobloxopen/themis/pdp/yast_includes.go:36.74,38.16 2 0
github.com/infobloxopen/themis/pdp/yast_includes.go:42.2,46.8 4 0
github.com/infobloxopen/themis/pdp/yast_includes.go:50.2,51.16 2 0
github.com/infobloxopen/themis/pdp/yast_includes.go:55.2,56.16 2 0
github.com/infobloxopen/themis/pdp/yast_includes.go:60.2,61.12 2 0
github.com/infobloxopen/themis/pdp/yast_includes.go:38.16,40.3 1 0
github.com/infobloxopen/themis/pdp/yast_includes.go:46.8,48.3 1 0
github.com/infobloxopen/themis/pdp/yast_includes.go:51.16,53.3 1 0
github.com/infobloxopen/themis/pdp/yast_includes.go:56.16,58.3 1 0
github.com/infobloxopen/themis/pdp/yast_includes.go:64.104,65.16 1 1
github.com/infobloxopen/themis/pdp/yast_includes.go:71.2,72.16 2 1
github.com/infobloxopen/themis/pdp/yast_includes.go:76.2,79.26 3 1
github.com/infobloxopen/themis/pdp/yast_includes.go:86.2,86.12 1 1
github.com/infobloxopen/themis/pdp/yast_includes.go:65.16,67.3 1 0
github.com/infobloxopen/themis/pdp/yast_includes.go:67.3,69.3 1 1
github.com/infobloxopen/themis/pdp/yast_includes.go:72.16,74.3 1 0
github.com/infobloxopen/themis/pdp/yast_includes.go:79.26,81.17 2 0
github.com/infobloxopen/themis/pdp/yast_includes.go:81.17,83.4 1 0
github.com/infobloxopen/themis/pdp/set_of_strings.go:5.50,10.29 4 7
github.com/infobloxopen/themis/pdp/set_of_strings.go:14.2,14.13 1 7
github.com/infobloxopen/themis/pdp/set_of_strings.go:10.29,12.3 1 13
github.com/infobloxopen/themis/pdp/set_of_strings.go:24.45,27.22 3 7
github.com/infobloxopen/themis/pdp/set_of_strings.go:32.2,32.14 1 7
github.com/infobloxopen/themis/pdp/set_of_strings.go:27.22,30.3 2 13
github.com/infobloxopen/themis/pdp/set_of_strings.go:35.29,37.2 1 7
github.com/infobloxopen/themis/pdp/set_of_strings.go:39.39,41.2 1 7
github.com/infobloxopen/themis/pdp/set_of_strings.go:43.34,45.2 1 2
github.com/infobloxopen/themis/pdp/target.go:19.58,21.16 2 0
github.com/infobloxopen/themis/pdp/target.go:25.2,25.63 1 0
github.com/infobloxopen/themis/pdp/target.go:21.16,23.3 1 0
github.com/infobloxopen/themis/pdp/target.go:28.58,29.30 1 0
github.com/infobloxopen/themis/pdp/target.go:40.2,40.18 1 0
github.com/infobloxopen/themis/pdp/target.go:29.30,31.17 2 0
github.com/infobloxopen/themis/pdp/target.go:35.3,35.9 1 0
github.com/infobloxopen/themis/pdp/target.go:31.17,33.4 1 0
github.com/infobloxopen/themis/pdp/target.go:35.9,37.4 1 0
github.com/infobloxopen/themis/pdp/target.go:43.58,44.28 1 0
github.com/infobloxopen/themis/pdp/target.go:55.2,55.19 1 0
github.com/infobloxopen/themis/pdp/target.go:44.28,46.17 2 0
github.com/infobloxopen/themis/pdp/target.go:50.3,50.8 1 0
github.com/infobloxopen/themis/pdp/target.go:46.17,48.4 1 0
github.com/infobloxopen/themis/pdp/target.go:50.8,52.4 1 0
github.com/infobloxopen/themis/pdp/target.go:58.59,59.28 1 10
github.com/infobloxopen/themis/pdp/target.go:70.2,70.18 1 10
github.com/infobloxopen/themis/pdp/target.go:59.28,61.17 2 0
github.com/infobloxopen/themis/pdp/target.go:65.3,65.9 1 0
github.com/infobloxopen/themis/pdp/target.go:61.17,63.4 1 0
github.com/infobloxopen/themis/pdp/target.go:65.9,67.4 1 0
github.com/infobloxopen/themis/pdp/error.go:7.43,9.2 1 0
github.com/infobloxopen/themis/pdp/network_tree.go:58.48,60.17 2 18
github.com/infobloxopen/themis/pdp/network_tree.go:68.2,69.16 2 18
github.com/infobloxopen/themis/pdp/network_tree.go:73.2,73.23 1 18
github.com/infobloxopen/themis/pdp/network_tree.go:77.2,77.15 1 18
github.com/infobloxopen/themis/pdp/network_tree.go:60.17,61.24 1 0
github.com/infobloxopen/themis/pdp/network_tree.go:65.3,65.30 1 0
github.com/infobloxopen/themis/pdp/network_tree.go:61.24,63.4 1 0
github.com/infobloxopen/themis/pdp/network_tree.go:69.16,71.3 1 0
github.com/infobloxopen/themis/pdp/network_tree.go:73.23,75.3 1 0
github.com/infobloxopen/themis/pdp/network_tree.go:80.40,82.2 1 8
github.com/infobloxopen/themis/pdp/network_tree.go:84.45,87.2 2 20
github.com/infobloxopen/themis/pdp/network_tree.go:89.42,91.2 1 2
github.com/infobloxopen/themis/pdp/network_tree.go:93.73,96.2 2 18
github.com/infobloxopen/themis/pdp/network_tree.go:98.60,99.23 1 2
github.com/infobloxopen/themis/pdp/network_tree.go:103.2,105.17 3 2
github.com/infobloxopen/themis/pdp/network_tree.go:109.2,109.12 1 0
github.com/infobloxopen/themis/pdp/network_tree.go:99.23,101.3 1 0
github.com/infobloxopen/themis/pdp/network_tree.go:105.17,107.3 1 2
github.com/infobloxopen/themis/pdp/network_tree.go:112.57,114.15 2 2
github.com/infobloxopen/themis/pdp/network_tree.go:118.2,120.17 3 2
github.com/infobloxopen/themis/pdp/network_tree.go:124.2,124.12 1 0
github.com/infobloxopen/themis/pdp/network_tree.go:114.15,116.3 1 0
github.com/infobloxopen/themis/pdp/network_tree.go:120.17,122.3 1 2
github.com/infobloxopen/themis/pdp/network_tree.go:127.49,129.2 1 0
github.com/infobloxopen/themis/pdp/network_tree.go:131.56,133.12 2 4
github.com/infobloxopen/themis/pdp/network_tree.go:145.2,145.11 1 4
github.com/infobloxopen/themis/pdp/network_tree.go:133.12,136.46 2 4
github.com/infobloxopen/themis/pdp/network_tree.go:136.46,137.34 1 17
github.com/infobloxopen/themis/pdp/network_tree.go:137.34,141.5 3 6
github.com/infobloxopen/themis/pdp/mapper_pca.go:14.87,15.19 1 0
github.com/infobloxopen/themis/pdp/mapper_pca.go:19.2,19.106 1 0
github.com/infobloxopen/themis/pdp/mapper_pca.go:15.19,17.3 1 0
github.com/infobloxopen/themis/pdp/mapper_pca.go:22.97,23.31 1 3
github.com/infobloxopen/themis/pdp/mapper_pca.go:27.2,28.34 2 1
github.com/infobloxopen/themis/pdp/mapper_pca.go:32.2,32.10 1 1
github.com/infobloxopen/themis/pdp/mapper_pca.go:23.31,25.3 1 2
github.com/infobloxopen/themis/pdp/mapper_pca.go:28.34,30.3 1 2
github.com/infobloxopen/themis/pdp/mapper_pca.go:35.83,37.25 2 3
github.com/infobloxopen/themis/pdp/mapper_pca.go:44.2,44.17 1 3
github.com/infobloxopen/themis/pdp/mapper_pca.go:37.25,39.9 2 5
github.com/infobloxopen/themis/pdp/mapper_pca.go:39.9,41.4 1 5
github.com/infobloxopen/themis/pdp/mapper_pca.go:47.89,51.16 3 4
github.com/infobloxopen/themis/pdp/mapper_pca.go:62.2,62.32 1 4
github.com/infobloxopen/themis/pdp/mapper_pca.go:77.2,78.16 2 1
github.com/infobloxopen/themis/pdp/mapper_pca.go:82.2,82.37 1 1
github.com/infobloxopen/themis/pdp/mapper_pca.go:95.2,95.39 1 0
github.com/infobloxopen/themis/pdp/mapper_pca.go:99.2,99.53 1 0
github.com/infobloxopen/themis/pdp/mapper_pca.go:51.16,52.21 1 0
github.com/infobloxopen/themis/pdp/mapper_pca.go:59.3,59.66 1 0
github.com/infobloxopen/themis/pdp/mapper_pca.go:53.3,54.41 1 0
github.com/infobloxopen/themis/pdp/mapper_pca.go:54.41,56.5 1 0
github.com/infobloxopen/themis/pdp/mapper_pca.go:62.32,64.17 2 3
github.com/infobloxopen/themis/pdp/mapper_pca.go:68.3,70.75 2 3
github.com/infobloxopen/themis/pdp/mapper_pca.go:74.3,74.11 1 3
github.com/infobloxopen/themis/pdp/mapper_pca.go:64.17,66.4 1 0
github.com/infobloxopen/themis/pdp/mapper_pca.go:70.75,72.4 1 0
github.com/infobloxopen/themis/pdp/mapper_pca.go:78.16,80.3 1 0
github.com/infobloxopen/themis/pdp/mapper_pca.go:82.37,84.9 2 0
github.com/infobloxopen/themis/pdp/mapper_pca.go:84.9,86.4 1 0
github.com/infobloxopen/themis/pdp/mapper_pca.go:87.3,88.35 1 1
github.com/infobloxopen/themis/pdp/mapper_pca.go:88.35,89.28 1 1
github.com/infobloxopen/themis/pdp/mapper_pca.go:89.28,91.5 1 1
github.com/infobloxopen/themis/pdp/mapper_pca.go:95.39,97.3 1 0
github.com/infobloxopen/themis/pdp/policy_set.go:19.39,21.2 1 0
github.com/infobloxopen/themis/pdp/policy_set.go:23.61,25.16 2 2
github.com/infobloxopen/themis/pdp/policy_set.go:29.2,29.12 1 2
github.com/infobloxopen/themis/pdp/policy_set.go:33.2,34.56 2 2
github.com/infobloxopen/themis/pdp/policy_set.go:38.2,38.10 1 2
github.com/infobloxopen/themis/pdp/policy_set.go:25.16,27.3 1 0
github.com/infobloxopen/themis/pdp/policy_set.go:29.12,31.3 1 0
github.com/infobloxopen/themis/pdp/policy_set.go:34.56,36.3 1 2
github.com/infobloxopen/themis/pdp/policy_set.go:41.104,42.29 1 1
github.com/infobloxopen/themis/pdp/policy_set.go:49.2,49.53 1 0
github.com/infobloxopen/themis/pdp/policy_set.go:42.29,44.38 2 1
github.com/infobloxopen/themis/pdp/policy_set.go:44.38,46.4 1 1
github.com/infobloxopen/themis/pdp/policy_set.go:52.96,62.29 7 0
github.com/infobloxopen/themis/pdp/policy_set.go:96.2,96.64 1 0
github.com/infobloxopen/themis/pdp/policy_set.go:100.2,100.16 1 0
github.com/infobloxopen/themis/pdp/policy_set.go:104.2,104.17 1 0
github.com/infobloxopen/themis/pdp/policy_set.go:108.2,108.16 1 0
github.com/infobloxopen/themis/pdp/policy_set.go:112.2,112.53 1 0
github.com/infobloxopen/themis/pdp/policy_set.go:62.29,64.29 2 0
github.com/infobloxopen/themis/pdp/policy_set.go:68.3,68.31 1 0
github.com/infobloxopen/themis/pdp/policy_set.go:74.3,74.38 1 0
github.com/infobloxopen/themis/pdp/policy_set.go:78.3,78.39 1 0
github.com/infobloxopen/themis/pdp/policy_set.go:89.3,89.22 1 0
github.com/infobloxopen/themis/pdp/policy_set.go:93.3,93.21 1 0
github.com/infobloxopen/themis/pdp/policy_set.go:64.29,66.4 1 0
github.com/infobloxopen/themis/pdp/policy_set.go:68.31,71.12 3 0
github.com/infobloxopen/themis/pdp/policy_set.go:74.38,75.12 1 0
github.com/infobloxopen/themis/pdp/policy_set.go:78.39,80.4 1 0
github.com/infobloxopen/themis/pdp/policy_set.go:80.4,81.40 1 0
github.com/infobloxopen/themis/pdp/policy_set.go:81.40,83.5 1 0
github.com/infobloxopen/themis/pdp/policy_set.go:83.5,85.5 1 0
github.com/infobloxopen/themis/pdp/policy_set.go:89.22,91.4 1 0
github.com/infobloxopen/themis/pdp/policy_set.go:96.64,98.3 1 0
github.com/infobloxopen/themis/pdp/policy_set.go:100.16,102.3 1 0
github.com/infobloxopen/themis/pdp/policy_set.go:104.17,106.3 1 0
github.com/infobloxopen/themis/pdp/policy_set.go:108.16,110.3 1 0
github.com/infobloxopen/themis/pdp/yast_obligations.go:3.155,8.16 4 1
github.com/infobloxopen/themis/pdp/yast_obligations.go:12.2,13.16 2 1
github.com/infobloxopen/themis/pdp/yast_obligations.go:17.2,18.16 2 1
github.com/infobloxopen/themis/pdp/yast_obligations.go:22.2,23.9 2 1
github.com/infobloxopen/themis/pdp/yast_obligations.go:27.2,31.16 4 1
github.com/infobloxopen/themis/pdp/yast_obligations.go:35.2,35.97 1 1
github.com/infobloxopen/themis/pdp/yast_obligations.go:8.16,10.3 1 0
github.com/infobloxopen/themis/pdp/yast_obligations.go:13.16,15.3 1 0
github.com/infobloxopen/themis/pdp/yast_obligations.go:18.16,20.3 1 0
github.com/infobloxopen/themis/pdp/yast_obligations.go:23.9,25.3 1 0
github.com/infobloxopen/themis/pdp/yast_obligations.go:31.16,33.3 1 0
github.com/infobloxopen/themis/pdp/yast_obligations.go:38.117,40.9 2 19
github.com/infobloxopen/themis/pdp/yast_obligations.go:44.2,48.16 4 1
github.com/infobloxopen/themis/pdp/yast_obligations.go:52.2,54.29 2 1
github.com/infobloxopen/themis/pdp/yast_obligations.go:61.2,61.15 1 1
github.com/infobloxopen/themis/pdp/yast_obligations.go:40.9,42.3 1 18
github.com/infobloxopen/themis/pdp/yast_obligations.go:48.16,50.3 1 0
github.com/infobloxopen/themis/pdp/yast_obligations.go:54.29,56.17 2 1
github.com/infobloxopen/themis/pdp/yast_obligations.go:56.17,58.4 1 0
github.com/infobloxopen/themis/pdp/yast_rules.go:5.85,7.16 2 19
github.com/infobloxopen/themis/pdp/yast_rules.go:11.2,15.9 4 19
github.com/infobloxopen/themis/pdp/yast_rules.go:19.2,19.15 1 19
github.com/infobloxopen/themis/pdp/yast_rules.go:7.16,9.3 1 0
github.com/infobloxopen/themis/pdp/yast_rules.go:15.9,17.3 1 0
github.com/infobloxopen/themis/pdp/yast_rules.go:22.95,24.9 2 19
github.com/infobloxopen/themis/pdp/yast_rules.go:28.2,32.16 4 1
github.com/infobloxopen/themis/pdp/yast_rules.go:36.2,37.26 2 1
github.com/infobloxopen/themis/pdp/yast_rules.go:42.2,42.15 1 1
github.com/infobloxopen/themis/pdp/yast_rules.go:24.9,26.3 1 18
github.com/infobloxopen/themis/pdp/yast_rules.go:32.16,34.3 1 0
github.com/infobloxopen/themis/pdp/yast_rules.go:37.26,40.3 1 0
github.com/infobloxopen/themis/pdp/yast_rules.go:45.84,49.16 3 19
github.com/infobloxopen/themis/pdp/yast_rules.go:53.2,57.16 4 19
github.com/infobloxopen/themis/pdp/yast_rules.go:61.2,62.16 2 19
github.com/infobloxopen/themis/pdp/yast_rules.go:66.2,67.16 2 19
github.com/infobloxopen/themis/pdp/yast_rules.go:71.2,72.16 2 19
github.com/infobloxopen/themis/pdp/yast_rules.go:76.2,82.15 6 19
github.com/infobloxopen/themis/pdp/yast_rules.go:49.16,51.3 1 0
github.com/infobloxopen/themis/pdp/yast_rules.go:57.16,59.3 1 0
github.com/infobloxopen/themis/pdp/yast_rules.go:62.16,64.3 1 0
github.com/infobloxopen/themis/pdp/yast_rules.go:67.16,69.3 1 0
github.com/infobloxopen/themis/pdp/yast_rules.go:72.16,74.3 1 0
github.com/infobloxopen/themis/pdp/yast_rules.go:85.100,90.16 4 19
github.com/infobloxopen/themis/pdp/yast_rules.go:94.2,95.16 2 19
github.com/infobloxopen/themis/pdp/yast_rules.go:99.2,99.30 1 19
github.com/infobloxopen/themis/pdp/yast_rules.go:90.16,92.3 1 0
github.com/infobloxopen/themis/pdp/yast_rules.go:95.16,97.3 1 0
github.com/infobloxopen/themis/pdp/yast_rules.go:102.71,109.16 5 13
github.com/infobloxopen/themis/pdp/yast_rules.go:113.2,113.29 1 13
github.com/infobloxopen/themis/pdp/yast_rules.go:120.2,120.15 1 13
github.com/infobloxopen/themis/pdp/yast_rules.go:109.16,111.3 1 0
github.com/infobloxopen/themis/pdp/yast_rules.go:113.29,115.17 2 19
github.com/infobloxopen/themis/pdp/yast_rules.go:115.17,117.4 1 0
github.com/infobloxopen/themis/pdp/yast_rules.go:123.143,125.16 2 18
github.com/infobloxopen/themis/pdp/yast_rules.go:129.2,129.19 1 18
github.com/infobloxopen/themis/pdp/yast_rules.go:136.2,138.9 3 18
github.com/infobloxopen/themis/pdp/yast_rules.go:142.2,142.27 1 18
github.com/infobloxopen/themis/pdp/yast_rules.go:125.16,127.3 1 0
github.com/infobloxopen/themis/pdp/yast_rules.go:129.19,131.17 2 7
github.com/infobloxopen/themis/pdp/yast_rules.go:131.17,133.4 1 0
github.com/infobloxopen/themis/pdp/yast_rules.go:138.9,140.3 1 0
github.com/infobloxopen/themis/pdp/yast_target.go:26.157,28.16 2 12
github.com/infobloxopen/themis/pdp/yast_target.go:32.2,32.23 1 12
github.com/infobloxopen/themis/pdp/yast_target.go:55.2,55.89 1 0
github.com/infobloxopen/themis/pdp/yast_target.go:28.16,30.3 1 0
github.com/infobloxopen/themis/pdp/yast_target.go:33.2,34.17 1 6
github.com/infobloxopen/themis/pdp/yast_target.go:38.3,38.106 1 0
github.com/infobloxopen/themis/pdp/yast_target.go:40.2,41.17 1 0
github.com/infobloxopen/themis/pdp/yast_target.go:45.3,45.106 1 0
github.com/infobloxopen/themis/pdp/yast_target.go:47.2,48.18 1 6
github.com/infobloxopen/themis/pdp/yast_target.go:52.3,52.100 1 0
github.com/infobloxopen/themis/pdp/yast_target.go:34.17,36.4 1 6
github.com/infobloxopen/themis/pdp/yast_target.go:41.17,43.4 1 0
github.com/infobloxopen/themis/pdp/yast_target.go:48.18,50.4 1 6
github.com/infobloxopen/themis/pdp/yast_target.go:58.113,60.20 2 6
github.com/infobloxopen/themis/pdp/yast_target.go:65.2,66.16 2 6
github.com/infobloxopen/themis/pdp/yast_target.go:70.2,71.16 2 6
github.com/infobloxopen/themis/pdp/yast_target.go:75.2,75.28 1 6
github.com/infobloxopen/themis/pdp/yast_target.go:60.20,63.3 1 0
github.com/infobloxopen/themis/pdp/yast_target.go:66.16,68.3 1 0
github.com/infobloxopen/themis/pdp/yast_target.go:71.16,73.3 1 0
github.com/infobloxopen/themis/pdp/yast_target.go:78.89,80.16 2 6
github.com/infobloxopen/themis/pdp/yast_target.go:84.2,85.16 2 6
github.com/infobloxopen/themis/pdp/yast_target.go:89.2,90.16 2 6
github.com/infobloxopen/themis/pdp/yast_target.go:94.2,98.9 4 6
github.com/infobloxopen/themis/pdp/yast_target.go:102.2,103.16 2 6
github.com/infobloxopen/themis/pdp/yast_target.go:107.2,111.9 4 6
github.com/infobloxopen/themis/pdp/yast_target.go:115.2,116.9 2 6
github.com/infobloxopen/themis/pdp/yast_target.go:120.2,120.45 1 6
github.com/infobloxopen/themis/pdp/yast_target.go:80.16,82.3 1 0
github.com/infobloxopen/themis/pdp/yast_target.go:85.16,87.3 1 0
github.com/infobloxopen/themis/pdp/yast_target.go:90.16,92.3 1 0
github.com/infobloxopen/themis/pdp/yast_target.go:98.9,100.3 1 0
github.com/infobloxopen/themis/pdp/yast_target.go:103.16,105.3 1 0
github.com/infobloxopen/themis/pdp/yast_target.go:111.9,113.3 1 0
github.com/infobloxopen/themis/pdp/yast_target.go:116.9,118.3 1 0
github.com/infobloxopen/themis/pdp/yast_target.go:123.110,128.16 4 2
github.com/infobloxopen/themis/pdp/yast_target.go:132.2,132.32 1 2
github.com/infobloxopen/themis/pdp/yast_target.go:128.16,130.3 1 0
github.com/infobloxopen/themis/pdp/yast_target.go:135.79,137.16 2 2
github.com/infobloxopen/themis/pdp/yast_target.go:141.2,142.16 2 2
github.com/infobloxopen/themis/pdp/yast_target.go:146.2,147.16 2 2
github.com/infobloxopen/themis/pdp/yast_target.go:151.2,151.17 1 2
github.com/infobloxopen/themis/pdp/yast_target.go:172.2,173.16 2 1
github.com/infobloxopen/themis/pdp/yast_target.go:177.2,177.39 1 1
github.com/infobloxopen/themis/pdp/yast_target.go:137.16,139.3 1 0
github.com/infobloxopen/themis/pdp/yast_target.go:142.16,144.3 1 0
github.com/infobloxopen/themis/pdp/yast_target.go:147.16,149.3 1 0
github.com/infobloxopen/themis/pdp/yast_target.go:151.17,156.17 4 1
github.com/infobloxopen/themis/pdp/yast_target.go:160.3,162.28 3 1
github.com/infobloxopen/themis/pdp/yast_target.go:169.3,169.16 1 1
github.com/infobloxopen/themis/pdp/yast_target.go:156.17,158.4 1 0
github.com/infobloxopen/themis/pdp/yast_target.go:162.28,164.18 2 2
github.com/infobloxopen/themis/pdp/yast_target.go:164.18,166.5 1 0
github.com/infobloxopen/themis/pdp/yast_target.go:173.16,175.3 1 0
github.com/infobloxopen/themis/pdp/yast_target.go:180.109,185.16 4 2
github.com/infobloxopen/themis/pdp/yast_target.go:189.2,189.31 1 2
github.com/infobloxopen/themis/pdp/yast_target.go:185.16,187.3 1 0
github.com/infobloxopen/themis/pdp/yast_target.go:192.79,194.16 2 4
github.com/infobloxopen/themis/pdp/yast_target.go:198.2,199.16 2 4
github.com/infobloxopen/themis/pdp/yast_target.go:203.2,204.16 2 4
github.com/infobloxopen/themis/pdp/yast_target.go:208.2,208.17 1 4
github.com/infobloxopen/themis/pdp/yast_target.go:229.2,230.16 2 3
github.com/infobloxopen/themis/pdp/yast_target.go:234.2,234.54 1 3
github.com/infobloxopen/themis/pdp/yast_target.go:194.16,196.3 1 0
github.com/infobloxopen/themis/pdp/yast_target.go:199.16,201.3 1 0
github.com/infobloxopen/themis/pdp/yast_target.go:204.16,206.3 1 0
github.com/infobloxopen/themis/pdp/yast_target.go:208.17,213.17 4 1
github.com/infobloxopen/themis/pdp/yast_target.go:217.3,219.28 3 1
github.com/infobloxopen/themis/pdp/yast_target.go:226.3,226.16 1 1
github.com/infobloxopen/themis/pdp/yast_target.go:213.17,215.4 1 0
github.com/infobloxopen/themis/pdp/yast_target.go:219.28,221.18 2 2
github.com/infobloxopen/themis/pdp/yast_target.go:221.18,223.5 1 0
github.com/infobloxopen/themis/pdp/yast_target.go:230.16,232.3 1 0
github.com/infobloxopen/themis/pdp/yast_target.go:237.104,242.16 4 4
github.com/infobloxopen/themis/pdp/yast_target.go:246.2,246.31 1 4
github.com/infobloxopen/themis/pdp/yast_target.go:242.16,244.3 1 0
github.com/infobloxopen/themis/pdp/yast_target.go:249.88,251.9 2 37
github.com/infobloxopen/themis/pdp/yast_target.go:255.2,259.16 4 3
github.com/infobloxopen/themis/pdp/yast_target.go:263.2,266.29 3 3
github.com/infobloxopen/themis/pdp/yast_target.go:273.2,273.15 1 3
github.com/infobloxopen/themis/pdp/yast_target.go:251.9,253.3 1 34
github.com/infobloxopen/themis/pdp/yast_target.go:259.16,261.3 1 0
github.com/infobloxopen/themis/pdp/yast_target.go:266.29,268.17 2 4
github.com/infobloxopen/themis/pdp/yast_target.go:268.17,270.4 1 0
github.com/infobloxopen/themis/pdp/expr_networkset_contains.go:10.69,12.2 1 0
github.com/infobloxopen/themis/pdp/expr_networkset_contains.go:14.71,16.2 1 0
github.com/infobloxopen/themis/pdp/expr_networkset_contains.go:18.103,22.16 3 0
github.com/infobloxopen/themis/pdp/expr_networkset_contains.go:26.2,27.16 2 0
github.com/infobloxopen/themis/pdp/expr_networkset_contains.go:31.2,32.16 2 0
github.com/infobloxopen/themis/pdp/expr_networkset_contains.go:36.2,37.16 2 0
github.com/infobloxopen/themis/pdp/expr_networkset_contains.go:41.2,42.19 2 0
github.com/infobloxopen/themis/pdp/expr_networkset_contains.go:47.2,48.15 2 0
github.com/infobloxopen/themis/pdp/expr_networkset_contains.go:22.16,24.3 1 0
github.com/infobloxopen/themis/pdp/expr_networkset_contains.go:27.16,29.3 1 0
github.com/infobloxopen/themis/pdp/expr_networkset_contains.go:32.16,34.3 1 0
github.com/infobloxopen/themis/pdp/expr_networkset_contains.go:37.16,39.3 1 0
github.com/infobloxopen/themis/pdp/expr_networkset_contains.go:42.19,45.3 2 0
github.com/infobloxopen/themis/pdp/expr_networkset_contains.go:51.107,53.2 1 0
github.com/infobloxopen/themis/pdp/expr_networkset_contains.go:55.89,57.2 1 0
github.com/infobloxopen/themis/pdp/expr_networkset_contains.go:59.98,60.118 1 0
github.com/infobloxopen/themis/pdp/expr_networkset_contains.go:64.2,64.12 1 0
github.com/infobloxopen/themis/pdp/expr_networkset_contains.go:60.118,62.3 1 0
github.com/infobloxopen/themis/pdp/expr_string_equal.go:10.52,12.2 1 0
github.com/infobloxopen/themis/pdp/expr_string_equal.go:14.54,16.2 1 1
github.com/infobloxopen/themis/pdp/expr_string_equal.go:18.86,22.16 3 0
github.com/infobloxopen/themis/pdp/expr_string_equal.go:26.2,27.16 2 0
github.com/infobloxopen/themis/pdp/expr_string_equal.go:31.2,32.16 2 0
github.com/infobloxopen/themis/pdp/expr_string_equal.go:36.2,37.16 2 0
github.com/infobloxopen/themis/pdp/expr_string_equal.go:41.2,44.15 3 0
github.com/infobloxopen/themis/pdp/expr_string_equal.go:22.16,24.3 1 0
github.com/infobloxopen/themis/pdp/expr_string_equal.go:27.16,29.3 1 0
github.com/infobloxopen/themis/pdp/expr_string_equal.go:32.16,34.3 1 0
github.com/infobloxopen/themis/pdp/expr_string_equal.go:37.16,39.3 1 0
github.com/infobloxopen/themis/pdp/expr_string_equal.go:47.90,49.2 1 3
github.com/infobloxopen/themis/pdp/expr_string_equal.go:51.72,53.2 1 1
github.com/infobloxopen/themis/pdp/expr_string_equal.go:55.81,56.110 1 1
github.com/infobloxopen/themis/pdp/expr_string_equal.go:60.2,60.12 1 0
github.com/infobloxopen/themis/pdp/expr_string_equal.go:56.110,58.3 1 1
github.com/infobloxopen/themis/pdp/expr_network_contains.go:10.63,12.2 1 0
github.com/infobloxopen/themis/pdp/expr_network_contains.go:14.65,16.2 1 0
github.com/infobloxopen/themis/pdp/expr_network_contains.go:18.97,22.16 3 0
github.com/infobloxopen/themis/pdp/expr_network_contains.go:26.2,27.16 2 0
github.com/infobloxopen/themis/pdp/expr_network_contains.go:31.2,32.16 2 0
github.com/infobloxopen/themis/pdp/expr_network_contains.go:36.2,37.16 2 0
github.com/infobloxopen/themis/pdp/expr_network_contains.go:41.2,44.15 3 0
github.com/infobloxopen/themis/pdp/expr_network_contains.go:22.16,24.3 1 0
github.com/infobloxopen/themis/pdp/expr_network_contains.go:27.16,29.3 1 0
github.com/infobloxopen/themis/pdp/expr_network_contains.go:32.16,34.3 1 0
github.com/infobloxopen/themis/pdp/expr_network_contains.go:37.16,39.3 1 0
github.com/infobloxopen/themis/pdp/expr_network_contains.go:46.101,48.2 1 1
github.com/infobloxopen/themis/pdp/expr_network_contains.go:50.83,52.2 1 0
github.com/infobloxopen/themis/pdp/expr_network_contains.go:54.92,55.112 1 0
github.com/infobloxopen/themis/pdp/expr_network_contains.go:59.2,59.12 1 0
github.com/infobloxopen/themis/pdp/expr_network_contains.go:55.112,57.3 1 0
github.com/infobloxopen/themis/pdp/mapper_rca.go:14.79,15.17 1 0
github.com/infobloxopen/themis/pdp/mapper_rca.go:19.2,19.104 1 0
github.com/infobloxopen/themis/pdp/mapper_rca.go:15.17,17.3 1 0
github.com/infobloxopen/themis/pdp/mapper_rca.go:22.58,24.16 2 6
github.com/infobloxopen/themis/pdp/mapper_rca.go:28.2,29.16 2 6
github.com/infobloxopen/themis/pdp/mapper_rca.go:34.2,34.35 1 6
github.com/infobloxopen/themis/pdp/mapper_rca.go:24.16,26.3 1 0
github.com/infobloxopen/themis/pdp/mapper_rca.go:29.16,32.3 1 0
github.com/infobloxopen/themis/pdp/mapper_rca.go:37.82,38.28 1 3
github.com/infobloxopen/themis/pdp/mapper_rca.go:42.2,43.29 2 1
github.com/infobloxopen/themis/pdp/mapper_rca.go:48.2,48.10 1 1
github.com/infobloxopen/themis/pdp/mapper_rca.go:38.28,40.3 1 2
github.com/infobloxopen/themis/pdp/mapper_rca.go:43.29,46.3 2 2
github.com/infobloxopen/themis/pdp/mapper_rca.go:51.71,53.25 2 3
github.com/infobloxopen/themis/pdp/mapper_rca.go:60.2,60.14 1 3
github.com/infobloxopen/themis/pdp/mapper_rca.go:53.25,55.9 2 5
github.com/infobloxopen/themis/pdp/mapper_rca.go:55.9,57.4 1 5
github.com/infobloxopen/themis/pdp/mapper_rca.go:63.81,67.16 3 4
github.com/infobloxopen/themis/pdp/mapper_rca.go:78.2,78.32 1 4
github.com/infobloxopen/themis/pdp/mapper_rca.go:92.2,93.16 2 1
github.com/infobloxopen/themis/pdp/mapper_rca.go:97.2,97.34 1 1
github.com/infobloxopen/themis/pdp/mapper_rca.go:110.2,110.37 1 0
github.com/infobloxopen/themis/pdp/mapper_rca.go:114.2,114.53 1 0
github.com/infobloxopen/themis/pdp/mapper_rca.go:67.16,68.21 1 0
github.com/infobloxopen/themis/pdp/mapper_rca.go:75.3,75.62 1 0
github.com/infobloxopen/themis/pdp/mapper_rca.go:69.3,70.39 1 0
github.com/infobloxopen/themis/pdp/mapper_rca.go:70.39,72.5 1 0
github.com/infobloxopen/themis/pdp/mapper_rca.go:78.32,80.17 2 3
github.com/infobloxopen/themis/pdp/mapper_rca.go:84.3,85.73 2 3
github.com/infobloxopen/themis/pdp/mapper_rca.go:89.3,89.11 1 3
github.com/infobloxopen/themis/pdp/mapper_rca.go:80.17,82.4 1 0
github.com/infobloxopen/themis/pdp/mapper_rca.go:85.73,87.4 1 0
github.com/infobloxopen/themis/pdp/mapper_rca.go:93.16,95.3 1 0
github.com/infobloxopen/themis/pdp/mapper_rca.go:97.34,99.9 2 0
github.com/infobloxopen/themis/pdp/mapper_rca.go:99.9,101.4 1 0
github.com/infobloxopen/themis/pdp/mapper_rca.go:102.3,103.30 1 1
github.com/infobloxopen/themis/pdp/mapper_rca.go:103.30,104.21 1 1
github.com/infobloxopen/themis/pdp/mapper_rca.go:104.21,106.5 1 1
github.com/infobloxopen/themis/pdp/mapper_rca.go:110.37,112.3 1 0
github.com/infobloxopen/themis/pdp/yast_attributes.go:5.87,7.16 2 8
github.com/infobloxopen/themis/pdp/yast_attributes.go:11.2,15.16 4 8
github.com/infobloxopen/themis/pdp/yast_attributes.go:19.2,20.9 2 8
github.com/infobloxopen/themis/pdp/yast_attributes.go:24.2,25.12 2 8
[...]
mode: atomic
github.com/infobloxopen/themis/pep/unmarshal.go:22.64,23.29 1 16
github.com/infobloxopen/themis/pep/unmarshal.go:27.2,28.32 2 16
github.com/infobloxopen/themis/pep/unmarshal.go:32.2,33.16 2 16
github.com/infobloxopen/themis/pep/unmarshal.go:37.2,37.21 1 12
github.com/infobloxopen/themis/pep/unmarshal.go:41.2,41.42 1 8
github.com/infobloxopen/themis/pep/unmarshal.go:23.29,25.3 1 0
github.com/infobloxopen/themis/pep/unmarshal.go:28.32,30.3 1 0
github.com/infobloxopen/themis/pep/unmarshal.go:33.16,35.3 1 4
github.com/infobloxopen/themis/pep/unmarshal.go:37.21,39.3 1 4
github.com/infobloxopen/themis/pep/unmarshal.go:44.82,46.20 2 26
github.com/infobloxopen/themis/pep/unmarshal.go:68.2,68.28 1 16
github.com/infobloxopen/themis/pep/unmarshal.go:72.2,72.28 1 13
github.com/infobloxopen/themis/pep/unmarshal.go:76.2,76.17 1 10
github.com/infobloxopen/themis/pep/unmarshal.go:46.20,50.55 3 10
github.com/infobloxopen/themis/pep/unmarshal.go:55.3,56.10 2 8
github.com/infobloxopen/themis/pep/unmarshal.go:60.3,60.27 1 7
github.com/infobloxopen/themis/pep/unmarshal.go:65.3,65.18 1 6
github.com/infobloxopen/themis/pep/unmarshal.go:50.55,53.4 1 2
github.com/infobloxopen/themis/pep/unmarshal.go:56.10,58.4 1 1
github.com/infobloxopen/themis/pep/unmarshal.go:60.27,63.4 1 1
github.com/infobloxopen/themis/pep/unmarshal.go:68.28,70.3 1 3
github.com/infobloxopen/themis/pep/unmarshal.go:72.28,74.3 1 3
github.com/infobloxopen/themis/pep/unmarshal.go:79.62,82.36 2 16
github.com/infobloxopen/themis/pep/unmarshal.go:105.2,105.15 1 12
github.com/infobloxopen/themis/pep/unmarshal.go:82.36,86.10 3 67
github.com/infobloxopen/themis/pep/unmarshal.go:90.3,90.20 1 26
github.com/infobloxopen/themis/pep/unmarshal.go:97.3,98.17 2 26
github.com/infobloxopen/themis/pep/unmarshal.go:102.3,102.18 1 22
github.com/infobloxopen/themis/pep/unmarshal.go:86.10,87.12 1 41
github.com/infobloxopen/themis/pep/unmarshal.go:90.20,92.11 2 6
github.com/infobloxopen/themis/pep/unmarshal.go:92.11,93.13 1 0
github.com/infobloxopen/themis/pep/unmarshal.go:98.17,100.4 1 4
github.com/infobloxopen/themis/pep/unmarshal.go:117.97,119.8 2 4
github.com/infobloxopen/themis/pep/unmarshal.go:123.2,124.8 2 4
github.com/infobloxopen/themis/pep/unmarshal.go:128.2,128.38 1 4
github.com/infobloxopen/themis/pep/unmarshal.go:159.2,159.12 1 1
github.com/infobloxopen/themis/pep/unmarshal.go:119.8,121.3 1 3
github.com/infobloxopen/themis/pep/unmarshal.go:124.8,126.3 1 3
github.com/infobloxopen/themis/pep/unmarshal.go:128.38,130.10 2 11
github.com/infobloxopen/themis/pep/unmarshal.go:134.3,135.18 2 10
github.com/infobloxopen/themis/pep/unmarshal.go:139.3,140.10 2 9
github.com/infobloxopen/themis/pep/unmarshal.go:144.3,144.40 1 8
github.com/infobloxopen/themis/pep/unmarshal.go:153.3,154.17 2 7
github.com/infobloxopen/themis/pep/unmarshal.go:130.10,131.12 1 1
github.com/infobloxopen/themis/pep/unmarshal.go:135.18,137.4 1 1
github.com/infobloxopen/themis/pep/unmarshal.go:140.10,142.4 1 1
github.com/infobloxopen/themis/pep/unmarshal.go:144.40,145.21 1 8
github.com/infobloxopen/themis/pep/unmarshal.go:145.21,148.5 1 1
github.com/infobloxopen/themis/pep/unmarshal.go:149.4,151.4 1 0
github.com/infobloxopen/themis/pep/unmarshal.go:154.17,156.4 1 0
github.com/infobloxopen/themis/pep/unmarshal.go:162.79,164.17 2 11
github.com/infobloxopen/themis/pep/unmarshal.go:168.2,169.23 2 11
github.com/infobloxopen/themis/pep/unmarshal.go:174.2,174.109 1 5
github.com/infobloxopen/themis/pep/unmarshal.go:179.2,179.114 1 4
github.com/infobloxopen/themis/pep/unmarshal.go:184.2,184.25 1 3
github.com/infobloxopen/themis/pep/unmarshal.go:189.2,189.14 1 0
github.com/infobloxopen/themis/pep/unmarshal.go:164.17,166.3 1 0
github.com/infobloxopen/themis/pep/unmarshal.go:169.23,172.3 2 6
github.com/infobloxopen/themis/pep/unmarshal.go:174.109,177.3 2 1
github.com/infobloxopen/themis/pep/unmarshal.go:179.114,182.3 2 1
github.com/infobloxopen/themis/pep/unmarshal.go:184.25,187.3 2 3
github.com/infobloxopen/themis/pep/unmarshal.go:192.79,194.17 2 11
github.com/infobloxopen/themis/pep/unmarshal.go:198.2,198.32 1 3
github.com/infobloxopen/themis/pep/unmarshal.go:203.2,203.14 1 0
github.com/infobloxopen/themis/pep/unmarshal.go:194.17,196.3 1 8
github.com/infobloxopen/themis/pep/unmarshal.go:198.32,201.3 2 3
github.com/infobloxopen/themis/pep/unmarshal.go:206.73,210.38 3 8
github.com/infobloxopen/themis/pep/unmarshal.go:239.2,239.12 1 4
github.com/infobloxopen/themis/pep/unmarshal.go:210.38,211.47 1 15
github.com/infobloxopen/themis/pep/unmarshal.go:215.3,215.47 1 15
github.com/infobloxopen/themis/pep/unmarshal.go:219.3,220.18 2 15
github.com/infobloxopen/themis/pep/unmarshal.go:224.3,225.10 2 15
github.com/infobloxopen/themis/pep/unmarshal.go:229.3,229.58 1 14
github.com/infobloxopen/themis/pep/unmarshal.go:233.3,234.17 2 14
github.com/infobloxopen/themis/pep/unmarshal.go:211.47,212.12 1 0
github.com/infobloxopen/themis/pep/unmarshal.go:215.47,216.12 1 0
github.com/infobloxopen/themis/pep/unmarshal.go:220.18,221.12 1 0
github.com/infobloxopen/themis/pep/unmarshal.go:225.10,227.4 1 1
github.com/infobloxopen/themis/pep/unmarshal.go:229.58,230.12 1 0
github.com/infobloxopen/themis/pep/unmarshal.go:234.17,236.4 1 3
github.com/infobloxopen/themis/pep/unmarshal.go:242.66,244.16 2 9
github.com/infobloxopen/themis/pep/unmarshal.go:248.2,249.12 2 8
github.com/infobloxopen/themis/pep/unmarshal.go:244.16,246.3 1 1
github.com/infobloxopen/themis/pep/unmarshal.go:252.68,255.2 2 4
github.com/infobloxopen/themis/pep/unmarshal.go:257.69,259.30 2 4
github.com/infobloxopen/themis/pep/unmarshal.go:267.2,268.15 2 4
github.com/infobloxopen/themis/pep/unmarshal.go:272.2,273.12 2 3
github.com/infobloxopen/themis/pep/unmarshal.go:259.30,260.31 1 1
github.com/infobloxopen/themis/pep/unmarshal.go:260.31,262.4 1 0
github.com/infobloxopen/themis/pep/unmarshal.go:262.4,262.38 1 1
github.com/infobloxopen/themis/pep/unmarshal.go:262.38,264.4 1 1
github.com/infobloxopen/themis/pep/unmarshal.go:268.15,270.3 1 1
github.com/infobloxopen/themis/pep/unmarshal.go:276.69,278.16 2 3
github.com/infobloxopen/themis/pep/unmarshal.go:282.2,283.12 2 2
github.com/infobloxopen/themis/pep/unmarshal.go:278.16,280.3 1 1
github.com/infobloxopen/themis/pep/unmarshal.go:286.68,289.2 2 1
github.com/infobloxopen/themis/pep/client.go:39.65,44.2 4 1
github.com/infobloxopen/themis/pep/client.go:46.54,48.2 1 1
github.com/infobloxopen/themis/pep/client.go:50.37,51.19 1 0
github.com/infobloxopen/themis/pep/client.go:54.2,56.23 3 0
github.com/infobloxopen/themis/pep/client.go:59.2,59.21 1 0
github.com/infobloxopen/themis/pep/client.go:66.2,67.16 2 0
github.com/infobloxopen/themis/pep/client.go:71.2,76.12 4 0
github.com/infobloxopen/themis/pep/client.go:51.19,53.3 1 0
github.com/infobloxopen/themis/pep/client.go:56.23,58.3 1 0
github.com/infobloxopen/themis/pep/client.go:59.21,60.97 1 0
github.com/infobloxopen/themis/pep/client.go:63.3,64.68 2 0
github.com/infobloxopen/themis/pep/client.go:60.97,62.4 1 0
github.com/infobloxopen/themis/pep/client.go:67.16,69.3 1 0
github.com/infobloxopen/themis/pep/client.go:79.29,80.19 1 0
github.com/infobloxopen/themis/pep/client.go:85.2,85.16 1 0
github.com/infobloxopen/themis/pep/client.go:80.19,83.3 2 0
github.com/infobloxopen/themis/pep/client.go:88.78,89.21 1 0
github.com/infobloxopen/themis/pep/client.go:93.2,94.16 2 0
github.com/infobloxopen/themis/pep/client.go:98.2,99.16 2 0
github.com/infobloxopen/themis/pep/client.go:103.2,103.31 1 0
github.com/infobloxopen/themis/pep/client.go:89.21,91.3 1 0
github.com/infobloxopen/themis/pep/client.go:94.16,96.3 1 0
github.com/infobloxopen/themis/pep/client.go:99.16,101.3 1 0
github.com/infobloxopen/themis/pep/client.go:110.34,112.2 1 1
github.com/infobloxopen/themis/pep/client.go:114.38,114.52 1 1
github.com/infobloxopen/themis/pep/client.go:115.38,115.40 0 1
github.com/infobloxopen/themis/pep/client.go:116.79,118.2 1 1
github.com/infobloxopen/themis/pep/client.go:120.53,121.35 1 0
github.com/infobloxopen/themis/pep/client.go:124.2,125.16 2 0
github.com/infobloxopen/themis/pep/client.go:129.2,129.31 1 0
github.com/infobloxopen/themis/pep/client.go:121.35,123.3 1 0
github.com/infobloxopen/themis/pep/client.go:125.16,127.3 1 0
github.com/infobloxopen/themis/pep/client.go:132.58,134.2 1 1
github.com/infobloxopen/themis/pep/client.go:141.70,143.2 1 1
github.com/infobloxopen/themis/pep/client.go:145.73,146.22 1 0
github.com/infobloxopen/themis/pep/client.go:150.2,150.44 1 0
github.com/infobloxopen/themis/pep/client.go:146.22,148.3 1 0
github.com/infobloxopen/themis/pep/client.go:159.58,160.12 1 0
github.com/infobloxopen/themis/pep/client.go:166.2,169.28 4 0
github.com/infobloxopen/themis/pep/client.go:172.2,172.15 1 0
github.com/infobloxopen/themis/pep/client.go:160.12,162.11 2 0
github.com/infobloxopen/themis/pep/client.go:162.11,164.4 1 0
github.com/infobloxopen/themis/pep/client.go:169.28,171.3 1 0
github.com/infobloxopen/themis/pep/client.go:175.33,177.2 1 0
github.com/infobloxopen/themis/pep/marshal.go:46.61,47.32 1 5
github.com/infobloxopen/themis/pep/marshal.go:51.2,52.12 2 5
github.com/infobloxopen/themis/pep/marshal.go:56.2,56.41 1 1
github.com/infobloxopen/themis/pep/marshal.go:47.32,49.3 1 0
github.com/infobloxopen/themis/pep/marshal.go:52.12,54.3 1 4
github.com/infobloxopen/themis/pep/marshal.go:59.62,62.36 3 5
github.com/infobloxopen/themis/pep/marshal.go:71.2,71.23 1 5
github.com/infobloxopen/themis/pep/marshal.go:62.36,69.3 4 18
github.com/infobloxopen/themis/pep/marshal.go:74.52,76.20 2 15
github.com/infobloxopen/themis/pep/marshal.go:80.2,81.29 2 15
github.com/infobloxopen/themis/pep/marshal.go:85.2,85.19 1 14
github.com/infobloxopen/themis/pep/marshal.go:76.20,78.3 1 0
github.com/infobloxopen/themis/pep/marshal.go:81.29,83.3 1 1
github.com/infobloxopen/themis/pep/marshal.go:88.51,89.20 1 94
github.com/infobloxopen/themis/pep/marshal.go:93.2,93.28 1 82
github.com/infobloxopen/themis/pep/marshal.go:89.20,91.3 1 12
github.com/infobloxopen/themis/pep/marshal.go:96.98,98.27 2 4
github.com/infobloxopen/themis/pep/marshal.go:146.2,146.19 1 1
github.com/infobloxopen/themis/pep/marshal.go:98.27,100.10 2 9
github.com/infobloxopen/themis/pep/marshal.go:104.3,106.21 3 8
github.com/infobloxopen/themis/pep/marshal.go:127.3,127.20 1 5
github.com/infobloxopen/themis/pep/marshal.go:134.3,135.17 2 5
github.com/infobloxopen/themis/pep/marshal.go:143.3,143.50 1 5
github.com/infobloxopen/themis/pep/marshal.go:100.10,101.12 1 1
github.com/infobloxopen/themis/pep/marshal.go:106.21,111.11 4 4
github.com/infobloxopen/themis/pep/marshal.go:115.4,115.47 1 3
github.com/infobloxopen/themis/pep/marshal.go:111.11,113.5 1 1
github.com/infobloxopen/themis/pep/marshal.go:115.47,118.5 1 1
github.com/infobloxopen/themis/pep/marshal.go:120.4,122.11 2 4
github.com/infobloxopen/themis/pep/marshal.go:122.11,124.5 1 1
github.com/infobloxopen/themis/pep/marshal.go:127.20,129.11 2 2
github.com/infobloxopen/themis/pep/marshal.go:129.11,130.13 1 0
github.com/infobloxopen/themis/pep/marshal.go:135.17,136.61 1 0
github.com/infobloxopen/themis/pep/marshal.go:140.4,140.19 1 0
github.com/infobloxopen/themis/pep/marshal.go:136.61,137.13 1 0
github.com/infobloxopen/themis/pep/marshal.go:149.100,151.27 2 1
github.com/infobloxopen/themis/pep/marshal.go:174.2,174.19 1 1
github.com/infobloxopen/themis/pep/marshal.go:151.27,153.10 2 9
github.com/infobloxopen/themis/pep/marshal.go:157.3,158.10 2 7
github.com/infobloxopen/themis/pep/marshal.go:162.3,163.17 2 6
github.com/infobloxopen/themis/pep/marshal.go:171.3,171.51 1 4
github.com/infobloxopen/themis/pep/marshal.go:153.10,154.12 1 2
github.com/infobloxopen/themis/pep/marshal.go:158.10,159.12 1 1
github.com/infobloxopen/themis/pep/marshal.go:163.17,164.61 1 2
github.com/infobloxopen/themis/pep/marshal.go:168.4,168.19 1 0
github.com/infobloxopen/themis/pep/marshal.go:164.61,165.13 1 2
github.com/infobloxopen/themis/pep/marshal.go:177.62,179.2 1 3
github.com/infobloxopen/themis/pep/marshal.go:181.64,183.2 1 1
github.com/infobloxopen/themis/pep/marshal.go:185.63,186.27 1 3
github.com/infobloxopen/themis/pep/marshal.go:190.2,190.29 1 2
github.com/infobloxopen/themis/pep/marshal.go:186.27,188.3 1 1
github.com/infobloxopen/themis/pep/marshal.go:193.64,194.30 1 2
github.com/infobloxopen/themis/pep/marshal.go:198.2,198.29 1 1
github.com/infobloxopen/themis/pep/marshal.go:194.30,196.3 1 1
github.com/infobloxopen/themis/pep/marshal.go:201.65,203.2 1 2
github.com/infobloxopen/themis/pep/marshal.go:205.65,207.2 1 2
github.com/infobloxopen/themis/pep/marshal.go:209.64,211.2 1 1
mode: atomic
github.com/infobloxopen/themis/contrib/coredns/policy/policy.go:66.44,69.20 3 0
github.com/infobloxopen/themis/contrib/coredns/policy/policy.go:74.2,75.24 2 0
github.com/infobloxopen/themis/contrib/coredns/policy/policy.go:69.20,70.41 1 0
github.com/infobloxopen/themis/contrib/coredns/policy/policy.go:70.41,72.4 1 0
github.com/infobloxopen/themis/contrib/coredns/policy/policy.go:78.85,80.16 2 0
github.com/infobloxopen/themis/contrib/coredns/policy/policy.go:83.2,84.9 2 0
github.com/infobloxopen/themis/contrib/coredns/policy/policy.go:87.2,88.12 2 0
github.com/infobloxopen/themis/contrib/coredns/policy/policy.go:80.16,82.3 1 0
github.com/infobloxopen/themis/contrib/coredns/policy/policy.go:84.9,86.3 1 0
github.com/infobloxopen/themis/contrib/coredns/policy/policy.go:91.78,96.14 4 0
github.com/infobloxopen/themis/contrib/coredns/policy/policy.go:100.2,100.29 1 0
github.com/infobloxopen/themis/contrib/coredns/policy/policy.go:126.2,126.29 1 0
github.com/infobloxopen/themis/contrib/coredns/policy/policy.go:96.14,98.3 1 0
github.com/infobloxopen/themis/contrib/coredns/policy/policy.go:100.29,101.24 1 0
github.com/infobloxopen/themis/contrib/coredns/policy/policy.go:102.3,102.24 0 0
github.com/infobloxopen/themis/contrib/coredns/policy/policy.go:104.3,104.26 0 0
github.com/infobloxopen/themis/contrib/coredns/policy/policy.go:106.3,107.33 1 0
github.com/infobloxopen/themis/contrib/coredns/policy/policy.go:107.33,108.25 1 0
github.com/infobloxopen/themis/contrib/coredns/policy/policy.go:108.25,110.24 2 0
github.com/infobloxopen/themis/contrib/coredns/policy/policy.go:119.6,121.11 3 0
github.com/infobloxopen/themis/contrib/coredns/policy/policy.go:111.6,112.29 1 0
github.com/infobloxopen/themis/contrib/coredns/policy/policy.go:113.6,114.41 1 0
github.com/infobloxopen/themis/contrib/coredns/policy/policy.go:115.6,117.26 2 0
github.com/infobloxopen/themis/contrib/coredns/policy/policy.go:135.63,138.2 2 0
github.com/infobloxopen/themis/contrib/coredns/policy/policy.go:141.61,141.75 1 0
github.com/infobloxopen/themis/contrib/coredns/policy/policy.go:142.61,142.75 1 0
github.com/infobloxopen/themis/contrib/coredns/policy/policy.go:143.61,143.71 1 0
github.com/infobloxopen/themis/contrib/coredns/policy/policy.go:144.61,144.71 1 0
github.com/infobloxopen/themis/contrib/coredns/policy/policy.go:145.61,145.83 1 0
github.com/infobloxopen/themis/contrib/coredns/policy/policy.go:146.61,146.84 1 3
github.com/infobloxopen/themis/contrib/coredns/policy/policy.go:147.61,147.86 2 15
github.com/infobloxopen/themis/contrib/coredns/policy/policy.go:149.132,152.16 3 9
github.com/infobloxopen/themis/contrib/coredns/policy/policy.go:156.2,157.35 2 7
github.com/infobloxopen/themis/contrib/coredns/policy/policy.go:169.2,172.16 3 7
github.com/infobloxopen/themis/contrib/coredns/policy/policy.go:176.2,176.23 1 7
github.com/infobloxopen/themis/contrib/coredns/policy/policy.go:179.2,179.31 1 6
github.com/infobloxopen/themis/contrib/coredns/policy/policy.go:182.2,183.20 2 3
github.com/infobloxopen/themis/contrib/coredns/policy/policy.go:152.16,154.3 1 2
github.com/infobloxopen/themis/contrib/coredns/policy/policy.go:157.35,158.29 1 14
github.com/infobloxopen/themis/contrib/coredns/policy/policy.go:159.3,160.32 1 14
github.com/infobloxopen/themis/contrib/coredns/policy/policy.go:165.3,165.11 0 0
github.com/infobloxopen/themis/contrib/coredns/policy/policy.go:160.32,162.5 1 7
github.com/infobloxopen/themis/contrib/coredns/policy/policy.go:162.5,162.42 1 7
github.com/infobloxopen/themis/contrib/coredns/policy/policy.go:162.42,164.5 1 7
github.com/infobloxopen/themis/contrib/coredns/policy/policy.go:172.16,174.3 1 0
github.com/infobloxopen/themis/contrib/coredns/policy/policy.go:176.23,178.3 1 1
github.com/infobloxopen/themis/contrib/coredns/policy/policy.go:179.31,181.3 1 3
github.com/infobloxopen/themis/contrib/coredns/policy/policy.go:186.105,192.25 3 0
github.com/infobloxopen/themis/contrib/coredns/policy/policy.go:198.2,199.19 2 0
github.com/infobloxopen/themis/contrib/coredns/policy/policy.go:203.2,203.19 1 0
github.com/infobloxopen/themis/contrib/coredns/policy/policy.go:209.2,211.16 3 0
github.com/infobloxopen/themis/contrib/coredns/policy/policy.go:216.2,216.21 1 0
github.com/infobloxopen/themis/contrib/coredns/policy/policy.go:221.2,221.30 1 0
github.com/infobloxopen/themis/contrib/coredns/policy/policy.go:225.2,225.30 1 0
github.com/infobloxopen/themis/contrib/coredns/policy/policy.go:192.25,196.3 3 0
github.com/infobloxopen/themis/contrib/coredns/policy/policy.go:199.19,201.3 1 0
github.com/infobloxopen/themis/contrib/coredns/policy/policy.go:203.19,205.3 1 0
github.com/infobloxopen/themis/contrib/coredns/policy/policy.go:205.3,207.3 1 0
github.com/infobloxopen/themis/contrib/coredns/policy/policy.go:211.16,214.3 2 0
github.com/infobloxopen/themis/contrib/coredns/policy/policy.go:216.21,219.3 2 0
github.com/infobloxopen/themis/contrib/coredns/policy/policy.go:221.30,223.3 1 0
github.com/infobloxopen/themis/contrib/coredns/policy/policy.go:229.42,229.61 1 9
github.com/infobloxopen/themis/contrib/coredns/policy/policy.go:231.104,241.24 7 3
github.com/infobloxopen/themis/contrib/coredns/policy/policy.go:252.2,257.15 4 3
github.com/infobloxopen/themis/contrib/coredns/policy/policy.go:242.2,245.49 3 0
github.com/infobloxopen/themis/contrib/coredns/policy/policy.go:246.2,249.49 3 3
github.com/infobloxopen/themis/contrib/coredns/policy/setup.go:13.13,18.2 1 1
github.com/infobloxopen/themis/contrib/coredns/policy/setup.go:20.39,23.16 2 0
github.com/infobloxopen/themis/contrib/coredns/policy/setup.go:27.2,27.27 1 0
github.com/infobloxopen/themis/contrib/coredns/policy/setup.go:35.2,35.28 1 0
github.com/infobloxopen/themis/contrib/coredns/policy/setup.go:39.2,39.88 1 0
github.com/infobloxopen/themis/contrib/coredns/policy/setup.go:44.2,44.12 1 0
github.com/infobloxopen/themis/contrib/coredns/policy/setup.go:23.16,25.3 1 0
github.com/infobloxopen/themis/contrib/coredns/policy/setup.go:27.27,29.17 2 0
github.com/infobloxopen/themis/contrib/coredns/policy/setup.go:32.3,32.13 1 0
github.com/infobloxopen/themis/contrib/coredns/policy/setup.go:29.17,31.4 1 0
github.com/infobloxopen/themis/contrib/coredns/policy/setup.go:35.28,37.3 1 0
github.com/infobloxopen/themis/contrib/coredns/policy/setup.go:39.88,42.3 2 0
github.com/infobloxopen/themis/contrib/coredns/policy/setup.go:47.66,51.15 3 0
github.com/infobloxopen/themis/contrib/coredns/policy/setup.go:90.2,90.84 1 0
github.com/infobloxopen/themis/contrib/coredns/policy/setup.go:51.15,52.26 1 0
github.com/infobloxopen/themis/contrib/coredns/policy/setup.go:52.26,60.22 2 0
github.com/infobloxopen/themis/contrib/coredns/policy/setup.go:87.4,87.18 1 0
github.com/infobloxopen/themis/contrib/coredns/policy/setup.go:60.22,61.20 1 0
github.com/infobloxopen/themis/contrib/coredns/policy/setup.go:62.5,64.23 2 0
github.com/infobloxopen/themis/contrib/coredns/policy/setup.go:68.6,68.28 1 0
github.com/infobloxopen/themis/contrib/coredns/policy/setup.go:69.5,71.61 2 0
github.com/infobloxopen/themis/contrib/coredns/policy/setup.go:74.6,76.24 3 0
github.com/infobloxopen/themis/contrib/coredns/policy/setup.go:81.6,82.20 2 0
github.com/infobloxopen/themis/contrib/coredns/policy/setup.go:64.23,66.15 2 0
github.com/infobloxopen/themis/contrib/coredns/policy/setup.go:71.61,73.7 1 0
github.com/infobloxopen/themis/contrib/coredns/policy/setup.go:76.24,79.7 2 0
github.com/infobloxopen/themis/contrib/coredns/policy/setup.go:82.20,84.7 1 0
